"../../../Engine/Content/Animation/DefaultAnimCurveCompressionSettings.uasset" 0
"../../../Engine/Content/ArtTools/RenderToTexture/Enums/RenderToTexture_Enum.uasset" 1
"../../../Engine/Content/ArtTools/RenderToTexture/Enums/RenderToTexture_Flipbook_Enum.uasset" 2
"../../../Engine/Content/ArtTools/RenderToTexture/Enums/RenderToTexture_Imposter_Enum.uasset" 3
"../../../Engine/Content/EditorBlueprintResources/StandardMacros.uasset" 4
"../../../Engine/Content/ArtTools/RenderToTexture/Enums/EIntTypes.uasset" 5
"../../../Engine/Content/ArtTools/RenderToTexture/Macros/RenderToTextureFunctionLibrary.uasset" 6
"../../../Engine/Content/ArtTools/RenderToTexture/Enums/EFloatTypes.uasset" 7
"../../../Engine/Content/ArtTools/RenderToTexture/Macros/RenderToTextureMacros.uasset" 8
"../../../Engine/Content/Functions/Engine_MaterialFunctions01/Opacity/CameraDepthFade.uasset" 9
"../../../Engine/Content/EngineMaterials/T_Default_Material_Grid_M.uasset" 10
"../../../Engine/Content/EngineMaterials/T_Default_Material_Grid_N.uasset" 11
"../../../Engine/Content/EngineMaterials/WorldGridMaterial.uasset" 12
"../../../Engine/Content/ArtTools/RenderToTexture/Meshes/S_1_Unit_Plane.uasset" 13
"../../../Engine/Content/ArtTools/RenderToTexture/Textures/127grey.uasset" 14
"../../../Engine/Content/EngineMaterials/DefaultMaterial.uasset" 15
"../../../Engine/Content/BasicShapes/Cone.uasset" 16
"../../../Engine/Content/BasicShapes/Cube.uasset" 17
"../../../Engine/Content/BasicShapes/Cylinder.uasset" 18
"../../../Engine/Content/BasicShapes/Plane.uasset" 19
"../../../Engine/Content/BasicShapes/Sphere.uasset" 20
"../../../Engine/Content/EngineMaterials/DefaultPhysicalMaterial.uasset" 21
"../../../Engine/Content/BufferVisualization/AmbientOcclusion.uasset" 22
"../../../Engine/Content/BufferVisualization/BaseColor.uasset" 23
"../../../Engine/Content/BufferVisualization/CustomDepth.uasset" 24
"../../../Engine/Content/Functions/Engine_MaterialFunctions02/Utility/VectorLength.uasset" 25
"../../../Engine/Content/BufferVisualization/CustomDepthWorldUnits.uasset" 26
"../../../Engine/Content/Functions/Engine_MaterialFunctions02/Utility/BreakOutFloat2Components.uasset" 27
"../../../Engine/Content/Functions/Engine_MaterialFunctions01/Texturing/ScaleUVsByCenter.uasset" 28
"../../../Engine/Content/Functions/Engine_MaterialFunctions02/ScreenResolution.uasset" 29
"../../../Engine/Content/Functions/Engine_MaterialFunctions02/Texturing/ScreenAlignedUVs.uasset" 30
"../../../Engine/Content/Functions/Engine_MaterialFunctions02/Utility/MakeFloat2.uasset" 31
"../../../Engine/Content/Functions/Engine_MaterialFunctions02/Utility/MakeFloat3.uasset" 32
"../../../Engine/Content/EngineMaterials/MiniFont.uasset" 33
"../../../Engine/Content/BufferVisualization/CustomStencil.uasset" 34
"../../../Engine/Content/BufferVisualization/FinalImage.uasset" 35
"../../../Engine/Content/BufferVisualization/LightingModel.uasset" 36
"../../../Engine/Content/BufferVisualization/MaterialAO.uasset" 37
"../../../Engine/Content/BufferVisualization/Metallic.uasset" 38
"../../../Engine/Content/BufferVisualization/Opacity.uasset" 39
"../../../Engine/Content/BufferVisualization/PostTonemapHDRColor.uasset" 40
"../../../Engine/Content/BufferVisualization/PreTonemapHDRColor.uasset" 41
"../../../Engine/Content/BufferVisualization/Roughness.uasset" 42
"../../../Engine/Content/BufferVisualization/SceneColor.uasset" 43
"../../../Engine/Content/BufferVisualization/SceneDepth.uasset" 44
"../../../Engine/Content/BufferVisualization/SceneDepthWorldUnits.uasset" 45
"../../../Engine/Content/BufferVisualization/SeparateTranslucencyA.uasset" 46
"../../../Engine/Content/BufferVisualization/SeparateTranslucencyRGB.uasset" 47
"../../../Engine/Content/BufferVisualization/Specular.uasset" 48
"../../../Engine/Content/BufferVisualization/SubsurfaceColor.uasset" 49
"../../../Engine/Content/BufferVisualization/Velocity.uasset" 50
"../../../Engine/Content/BufferVisualization/WorldNormal.uasset" 51
"../../../Engine/Content/EditorBlueprintResources/ActorMacros.uasset" 52
"../../../Engine/Content/EditorLandscapeResources/DataLayer.uasset" 53
"../../../Engine/Content/EditorLandscapeResources/DefaultAlphaTexture.uasset" 54
"../../../Engine/Content/EditorLandscapeResources/LandscapeGizmoHeight_Mat.uasset" 55
"../../../Engine/Content/EditorLandscapeResources/LandscapeGizmo_Mat.uasset" 56
"../../../Engine/Content/EditorLandscapeResources/LandscapeGizmo_Mat_Copied.uasset" 57
"../../../Engine/Content/EditorLandscapeResources/SplineEditorMeshMat.uasset" 58
"../../../Engine/Content/EditorLandscapeResources/SplineEditorMesh.uasset" 59
"../../../Engine/Content/EditorMaterials/Cross.uasset" 60
"../../../Engine/Content/EditorMaterials/Cross_Mat.uasset" 61
"../../../Engine/Content/EngineMaterials/DefaultDiffuse.uasset" 62
"../../../Engine/Content/Functions/Engine_MaterialFunctions01/Texturing/TextureCropping.uasset" 63
"../../../Engine/Content/Functions/Engine_MaterialFunctions01/Texturing/ComputeMipLevel.uasset" 64
"../../../Engine/Content/Functions/Engine_MaterialFunctions02/ExampleContent/DebugNumberStrip.uasset" 65
"../../../Engine/Content/Functions/Engine_MaterialFunctions02/ExampleContent/Textures/DebugNumberPeriod.uasset" 66
"../../../Engine/Content/Functions/Engine_MaterialFunctions02/Utility/DebugScalarValues.uasset" 67
"../../../Engine/Content/Functions/Engine_MaterialFunctions02/Utility/DebugFloat2Values.uasset" 68
"../../../Engine/Content/Functions/Engine_MaterialFunctions02/ExampleContent/Textures/flipbook.uasset" 69
"../../../Engine/Content/Functions/Engine_MaterialFunctions02/Texturing/FlipBook.uasset" 70
"../../../Engine/Content/Functions/Engine_MaterialFunctions02/Utility/Sign.uasset" 71
"../../../Engine/Content/Functions/Engine_MaterialFunctions02/Utility/Round.uasset" 72
"../../../Engine/Content/EditorResources/T_EditorHelp.uasset" 73
"../../../Engine/Content/EditorMaterials/HelpActorMaterial.uasset" 74
"../../../Engine/Content/EditorMaterials/CompositeARGBLayer.uasset" 75
"../../../Engine/Content/EditorMaterials/TilingAALineIntegral.uasset" 76
"../../../Engine/Content/EditorMaterials/TilingAALineBoxFiltered.uasset" 77
"../../../Engine/Content/Functions/Engine_MaterialFunctions03/Procedurals/ComputeFilterWidth.uasset" 78
"../../../Engine/Content/EditorMaterials/TilingAADots.uasset" 79
"../../../Engine/Content/EngineMaterials/BlendFunc_DefBase.uasset" 80
"../../../Engine/Content/EngineMaterials/BlendFunc_DefBlend.uasset" 81
"../../../Engine/Content/Functions/Engine_MaterialFunctions03/Blends/Blend_Screen.uasset" 82
"../../../Engine/Content/EditorMaterials/TilingAAGrid.uasset" 83
"../../../Engine/Content/EditorMaterials/LevelGridMaterial.uasset" 84
"../../../Engine/Content/EditorMaterials/MakeCompositeARGBLayer.uasset" 85
"../../../Engine/Content/EditorResources/LevelGrid1DStripes.uasset" 86
"../../../Engine/Content/EditorMaterials/TextureGridCascaded1D.uasset" 87
"../../../Engine/Content/EditorMaterials/TextureGridCascaded2D.uasset" 88
"../../../Engine/Content/EditorMaterials/LevelGridMaterial2.uasset" 89
"../../../Engine/Content/EditorMaterials/MAT_Groups_Toggle.uasset" 90
"../../../Engine/Content/EditorMaterials/MAT_Groups_Visibility.uasset" 91
"../../../Engine/Content/EditorMaterials/AntialiasedGridFloor.uasset" 92
"../../../Engine/Content/EditorResources/TilePatine_D.uasset" 93
"../../../Engine/Content/EditorResources/TilePatine_N.uasset" 94
"../../../Engine/Content/EngineMaterials/Grid.uasset" 95
"../../../Engine/Content/EditorMaterials/PersonaFloorMat.uasset" 96
"../../../Engine/Content/EditorMaterials/PhAT_BoneSelectedMaterial.uasset" 97
"../../../Engine/Content/EditorMaterials/PhAT_ElemSelectedMaterial.uasset" 98
"../../../Engine/Content/EditorMaterials/PhAT_NoCollisionMaterial.uasset" 99
"../../../Engine/Content/EditorMaterials/PhAT_UnselectedMaterial.uasset" 100
"../../../Engine/Content/EditorMaterials/PreviewShadowIndicator.uasset" 101
"../../../Engine/Content/EditorMaterials/PreviewShadowIndicatorMaterial.uasset" 102
"../../../Engine/Content/EditorMaterials/TargetIcon.uasset" 103
"../../../Engine/Content/EditorMaterials/Tick.uasset" 104
"../../../Engine/Content/EditorMaterials/Tick_Mat.uasset" 105
"../../../Engine/Content/EditorMaterials/WidgetGridVertexColorMaterial.uasset" 106
"../../../Engine/Content/EditorMaterials/WidgetGridVertexColorMaterial_Ma.uasset" 107
"../../../Engine/Content/EditorMaterials/WidgetMaterial.uasset" 108
"../../../Engine/Content/EditorMaterials/WidgetMaterial_Current.uasset" 109
"../../../Engine/Content/EditorMaterials/WidgetMaterial_X.uasset" 110
"../../../Engine/Content/EditorMaterials/WidgetMaterial_Y.uasset" 111
"../../../Engine/Content/EditorMaterials/WidgetMaterial_Z.uasset" 112
"../../../Engine/Content/EditorMaterials/WidgetVertexColorMaterial.uasset" 113
"../../../Engine/Content/EditorMaterials/MatineeGroups/MAT_ColorTrack.uasset" 114
"../../../Engine/Content/EditorMaterials/MatineeGroups/MAT_Groups_Anim.uasset" 115
"../../../Engine/Content/EditorMaterials/MatineeGroups/MAT_Groups_AudioMaster.uasset" 116
"../../../Engine/Content/EditorMaterials/MatineeGroups/MAT_Groups_Director.uasset" 117
"../../../Engine/Content/EditorMaterials/MatineeGroups/MAT_Groups_Event.uasset" 118
"../../../Engine/Content/EditorMaterials/MatineeGroups/MAT_Groups_Fade.uasset" 119
"../../../Engine/Content/EditorMaterials/MatineeGroups/MAT_Groups_Float.uasset" 120
"../../../Engine/Content/EditorMaterials/MatineeGroups/MAT_Groups_Move.uasset" 121
"../../../Engine/Content/EditorMaterials/MatineeGroups/MAT_Groups_Slomo.uasset" 122
"../../../Engine/Content/EditorMaterials/MatineeGroups/MAT_Groups_Sound.uasset" 123
"../../../Engine/Content/EditorMaterials/MatineeGroups/MAT_Groups_Vector.uasset" 124
"../../../Engine/Content/EditorMaterials/ParticleSystems/PSysThumbnail_NoImage.uasset" 125
"../../../Engine/Content/EditorMaterials/ParticleSystems/PSysThumbnail_OOD.uasset" 126
"../../../Engine/Content/EditorMaterials/Thumbnails/FloorPlaneMaterial.uasset" 127
"../../../Engine/Content/EditorMeshes/EditorCube.uasset" 128
"../../../Engine/Content/EditorMeshes/EditorCylinder.uasset" 129
"../../../Engine/Content/EditorMaterials/Thumbnails/SkySphereMaterial.uasset" 130
"../../../Engine/Content/EditorMeshes/EditorSkySphere.uasset" 131
"../../../Engine/Content/EditorMeshes/EditorSphere.uasset" 132
"../../../Engine/Content/EditorResources/MatineeCam_D.uasset" 133
"../../../Engine/Content/EditorMaterials/MatineeCam_mat.uasset" 134
"../../../Engine/Content/EditorMeshes/MatineeCam_SM.uasset" 135
"../../../Engine/Content/Functions/Engine_MaterialFunctions01/Shading/ConvertFromDiffSpec.uasset" 136
"../../../Engine/Content/EditorMaterials/GridMaterial.uasset" 137
"../../../Engine/Content/EditorMeshes/PhAT_FloorBox.uasset" 138
"../../../Engine/Content/EditorMeshes/PlanarReflectionPlane.uasset" 139
"../../../Engine/Content/EditorMaterials/Camera/CineMat.uasset" 140
"../../../Engine/Content/EditorMaterials/Camera/MI_CineMat_CameraBody.uasset" 141
"../../../Engine/Content/EngineDebugMaterials/M_SimpleOpaque.uasset" 142
"../../../Engine/Content/EditorMaterials/Camera/MI_CineMat_CamViewFinder.uasset" 143
"../../../Engine/Content/EditorMeshes/Camera/SM_CineCam.uasset" 144
"../../../Engine/Content/EditorMaterials/Camera/MI_CineMat_Rig.uasset" 145
"../../../Engine/Content/EditorMeshes/Camera/SM_CraneRig_Arm.uasset" 146
"../../../Engine/Content/EditorMeshes/Camera/SM_CraneRig_Base.uasset" 147
"../../../Engine/Content/EditorMeshes/Camera/SM_CraneRig_Body.uasset" 148
"../../../Engine/Content/EditorMeshes/Camera/SM_CraneRig_Mount.uasset" 149
"../../../Engine/Content/EditorMeshes/Camera/SM_RailRig_Mount.uasset" 150
"../../../Engine/Content/EditorMeshes/Camera/SM_RailRig_Track.uasset" 151
"../../../Engine/Content/EditorMeshes/ColorCalibrator/M_ChromeBall.uasset" 152
"../../../Engine/Content/EditorResources/Bad.uasset" 153
"../../../Engine/Content/EditorResources/BSPVertex.uasset" 154
"../../../Engine/Content/EditorResources/EmptyActor.uasset" 155
"../../../Engine/Content/EditorResources/MatInstActSprite.uasset" 156
"../../../Engine/Content/EditorResources/SceneManager.uasset" 157
"../../../Engine/Content/EditorResources/SmallFont.uasset" 158
"../../../Engine/Content/EditorResources/S_Actor.uasset" 159
"../../../Engine/Content/EditorResources/S_DecalActorIcon.uasset" 160
"../../../Engine/Content/EditorResources/S_Emitter.uasset" 161
"../../../Engine/Content/EditorResources/S_ExpoHeightFog.uasset" 162
"../../../Engine/Content/EditorResources/S_FTest.uasset" 163
"../../../Engine/Content/EditorResources/S_KBSJoint.uasset" 164
"../../../Engine/Content/EditorResources/S_KHinge.uasset" 165
"../../../Engine/Content/EditorResources/S_KPrismatic.uasset" 166
"../../../Engine/Content/EditorResources/S_LevelSequence.uasset" 167
"../../../Engine/Content/EditorResources/S_NavP.uasset" 168
"../../../Engine/Content/EditorResources/S_Note.uasset" 169
"../../../Engine/Content/EditorResources/S_Player.uasset" 170
"../../../Engine/Content/EditorResources/S_PortalActorIcon2.uasset" 171
"../../../Engine/Content/EditorResources/S_RadForce.uasset" 172
"../../../Engine/Content/EditorResources/S_ReflActorIcon.uasset" 173
"../../../Engine/Content/EditorResources/S_SkyAtmosphere.uasset" 174
"../../../Engine/Content/EditorResources/S_Solver.uasset" 175
"../../../Engine/Content/EditorResources/S_Terrain.uasset" 176
"../../../Engine/Content/EditorResources/S_TextRenderActorIcon.uasset" 177
"../../../Engine/Content/EditorResources/S_Thruster.uasset" 178
"../../../Engine/Content/EditorResources/S_Trigger.uasset" 179
"../../../Engine/Content/EditorResources/S_VectorFieldVol.uasset" 180
"../../../Engine/Content/EditorResources/S_WindDirectional.uasset" 181
"../../../Engine/Content/EditorResources/AI/S_NavLink.uasset" 182
"../../../Engine/Content/EditorResources/AudioIcons/S_AudioComponent_AutoActivate.uasset" 183
"../../../Engine/Content/EditorResources/LightIcons/SkyLight.uasset" 184
"../../../Engine/Content/EditorResources/LightIcons/S_LightDirectional.uasset" 185
"../../../Engine/Content/EditorResources/LightIcons/S_LightDirectionalMove.uasset" 186
"../../../Engine/Content/EditorResources/LightIcons/S_LightError.uasset" 187
"../../../Engine/Content/EditorResources/LightIcons/S_LightPoint.uasset" 188
"../../../Engine/Content/EditorResources/LightIcons/S_LightPointMove.uasset" 189
"../../../Engine/Content/EditorResources/LightIcons/S_LightSpot.uasset" 190
"../../../Engine/Content/EditorResources/LightIcons/S_LightSpotMove.uasset" 191
"../../../Engine/Content/EditorResources/SequenceRecorder/Countdown.uasset" 192
"../../../Engine/Content/EditorResources/SequenceRecorder/RecordingIndicator.uasset" 193
"../../../Engine/Content/EditorResources/Spline/T_Loft_Spline.uasset" 194
"../../../Engine/Content/EditorSounds/Notifications/CompileFailed.uasset" 195
"../../../Engine/Content/EditorSounds/Notifications/CompileFailed_Cue.uasset" 196
"../../../Engine/Content/EditorSounds/Notifications/CompileSuccess.uasset" 197
"../../../Engine/Content/EditorSounds/Notifications/CompileStart_Cue.uasset" 198
"../../../Engine/Content/EditorSounds/Notifications/CompileSuccess_Cue.uasset" 199
"../../../Engine/Content/EngineDamageTypes/DmgTypeBP_Environmental.uasset" 200
"../../../Engine/Content/EngineDebugMaterials/HeatmapGradient.uasset" 201
"../../../Engine/Content/EngineDebugMaterials/BoneWeightMaterial.uasset" 202
"../../../Engine/Content/EngineDebugMaterials/ClothMaterial.uasset" 203
"../../../Engine/Content/EngineDebugMaterials/ClothMaterial_WF.uasset" 204
"../../../Engine/Content/EngineDebugMaterials/DebugEditorMaterial.uasset" 205
"../../../Engine/Content/EngineDebugMaterials/DebugMeshMaterial.uasset" 206
"../../../Engine/Content/EngineDebugMaterials/GeomMaterial.uasset" 207
"../../../Engine/Content/EngineDebugMaterials/LevelColorationLitMaterial.uasset" 208
"../../../Engine/Content/EngineDebugMaterials/LevelColorationUnlitMaterial.uasset" 209
"../../../Engine/Content/EngineMaterials/DefaultWhiteGrid.uasset" 210
"../../../Engine/Content/EngineDebugMaterials/MAT_LevelColorationLitLightmapUV.uasset" 211
"../../../Engine/Content/EngineDebugMaterials/M_SimpleTranslucent.uasset" 212
"../../../Engine/Content/Functions/Engine_MaterialFunctions02/Utility/CameraDirectionVector.uasset" 213
"../../../Engine/Content/EngineDebugMaterials/VolumeToRender.uasset" 214
"../../../Engine/Content/EngineDebugMaterials/M_VolumeRenderSphereTracePP.uasset" 215
"../../../Engine/Content/EngineDebugMaterials/ShadedLevelColorationLitMaterial.uasset" 216
"../../../Engine/Content/EngineDebugMaterials/ShadedLevelColorationUnlitMateri.uasset" 217
"../../../Engine/Content/EngineDebugMaterials/VertexColorMaterial.uasset" 218
"../../../Engine/Content/EngineDebugMaterials/VertexColorViewMode_AlphaAsColor.uasset" 219
"../../../Engine/Content/EngineDebugMaterials/VertexColorViewMode_BlueOnly.uasset" 220
"../../../Engine/Content/EngineDebugMaterials/VertexColorViewMode_ColorOnly.uasset" 221
"../../../Engine/Content/EngineDebugMaterials/VertexColorViewMode_GreenOnly.uasset" 222
"../../../Engine/Content/EngineDebugMaterials/VertexColorViewMode_RedOnly.uasset" 223
"../../../Engine/Content/EngineDebugMaterials/WireframeMaterial.uasset" 224
"../../../Engine/Content/EngineFonts/Faces/DroidSansFallback.uasset" 225
"../../../Engine/Content/EngineFonts/Faces/DroidSansMono.uasset" 226
"../../../Engine/Content/EngineFonts/DroidSansMono.uasset" 227
"../../../Engine/Content/EngineFonts/Faces/RobotoBold.uasset" 228
"../../../Engine/Content/EngineFonts/Faces/RobotoBoldItalic.uasset" 229
"../../../Engine/Content/EngineFonts/Faces/RobotoItalic.uasset" 230
"../../../Engine/Content/EngineFonts/Faces/RobotoLight.uasset" 231
"../../../Engine/Content/EngineFonts/Faces/RobotoRegular.uasset" 232
"../../../Engine/Content/EngineFonts/Roboto.uasset" 233
"../../../Engine/Content/EngineFonts/Faces/RobotoTiny.uasset" 234
"../../../Engine/Content/EngineFonts/RobotoTiny.uasset" 235
"../../../Engine/Content/EngineFonts/SmallFont.uasset" 236
"../../../Engine/Content/EngineFonts/TinyFont.uasset" 237
"../../../Engine/Content/EngineMaterials/BaseFlattenDiffuseMap.uasset" 238
"../../../Engine/Content/EngineMaterials/BaseFlattenEmissiveMap.uasset" 239
"../../../Engine/Content/EngineMaterials/BaseFlattenGrayscaleMap.uasset" 240
"../../../Engine/Content/EngineMaterials/BaseFlattenNormalMap.uasset" 241
"../../../Engine/Content/EngineMaterials/BaseFlattenMaterial.uasset" 242
"../../../Engine/Content/EngineResources/WhiteSquareTexture.uasset" 243
"../../../Engine/Content/EngineMaterials/BlinkingCaret.uasset" 244
"../../../Engine/Content/EngineMaterials/BlueNoise.uasset" 245
"../../../Engine/Content/EngineMaterials/DefaultBloomKernel.uasset" 246
"../../../Engine/Content/EngineMaterials/DefaultBokeh.uasset" 247
"../../../Engine/Content/EngineMaterials/DefaultDeferredDecalMaterial.uasset" 248
"../../../Engine/Content/EngineMaterials/DefaultLightFunctionMaterial.uasset" 249
"../../../Engine/Content/EngineMaterials/DefaultNormal.uasset" 250
"../../../Engine/Content/EngineMaterials/DefaultPostProcessMaterial.uasset" 251
"../../../Engine/Content/EngineFonts/RobotoDistanceField.uasset" 252
"../../../Engine/Content/EngineMaterials/DefaultTextMaterialOpaque.uasset" 253
"../../../Engine/Content/EngineMaterials/DefaultVirtualTextureMaterial.uasset" 254
"../../../Engine/Content/EngineMaterials/EditorBrushMaterial.uasset" 255
"../../../Engine/Content/EngineMaterials/DefaultWhiteGrid_Low.uasset" 256
"../../../Engine/Content/EngineMaterials/EmissiveMeshMaterial.uasset" 257
"../../../Engine/Content/EngineMaterials/GizmoMaterial.uasset" 258
"../../../Engine/Content/EngineMaterials/Good64x64TilingNoiseHighFreq.uasset" 259
"../../../Engine/Content/EngineMaterials/Grid_N.uasset" 260
"../../../Engine/Content/EngineMaterials/HairColorMap.uasset" 261
"../../../Engine/Content/EngineMaterials/HairDebugColor.uasset" 262
"../../../Engine/Content/EngineMaterials/HairDebugMaterial.uasset" 263
"../../../Engine/Content/EngineMaterials/HairDefaultMaterial.uasset" 264
"../../../Engine/Content/EngineMaterials/HighResolutionScreenshotMaskFunction.uasset" 265
"../../../Engine/Content/EngineMaterials/HighResScreenshot.uasset" 266
"../../../Engine/Content/EngineMaterials/HighResScreenshotCaptureRegion.uasset" 267
"../../../Engine/Content/EngineMaterials/HighResScreenshotMask.uasset" 268
"../../../Engine/Content/EngineMaterials/LandscapeHolePhysicalMaterial.uasset" 269
"../../../Engine/Content/EngineMaterials/InvalidLightmapSettings.uasset" 270
"../../../Engine/Content/EngineMaterials/M_InvalidLightmapSettings.uasset" 271
"../../../Engine/Content/EngineMaterials/PaperDiffuse.uasset" 272
"../../../Engine/Content/EngineMaterials/PaperNormal.uasset" 273
"../../../Engine/Content/Functions/Engine_MaterialFunctions02/WorldPositionOffset/CameraOffset.uasset" 274
"../../../Engine/Content/EngineMaterials/PhAT_JointLimitMaterial.uasset" 275
"../../../Engine/Content/EngineMaterials/PhysMat_Rubber.uasset" 276
"../../../Engine/Content/EngineMaterials/PreintegratedSkinBRDF.uasset" 277
"../../../Engine/Content/EngineMaterials/RemoveSurfaceMaterial.uasset" 278
"../../../Engine/Content/EngineMaterials/WeightMapPlaceholderTexture.uasset" 279
"../../../Engine/Content/Functions/Engine_MaterialFunctions01/ImageAdjustment/sRGBToLinear.uasset" 280
"../../../Engine/Content/Functions/Engine_MaterialFunctions02/Utility/BreakOutFloat3Components.uasset" 281
"../../../Engine/Content/EngineMaterials/Widget3DCameraPassThrough_Opaque_OneSided.uasset" 282
"../../../Engine/Content/EngineMaterials/Widget3DPassThrough.uasset" 283
"../../../Engine/Content/EngineMaterials/Widget3DPassThrough_Masked.uasset" 284
"../../../Engine/Content/EngineMaterials/Widget3DPassThrough_Opaque.uasset" 285
"../../../Engine/Content/EngineMaterials/Widget3DPassThrough_Masked_OneSided.uasset" 286
"../../../Engine/Content/EngineMaterials/Widget3DPassThrough_Opaque_OneSided.uasset" 287
"../../../Engine/Content/EngineMaterials/Widget3DPassThrough_Translucent.uasset" 288
"../../../Engine/Content/EngineMaterials/Widget3DPassThrough_Translucent_OneSided.uasset" 289
"../../../Engine/Content/EngineMeshes/Cube.uasset" 290
"../../../Engine/Content/EngineMeshes/Cylinder.uasset" 291
"../../../Engine/Content/EngineMeshes/Sphere.uasset" 292
"../../../Engine/Content/EngineResources/Black.uasset" 293
"../../../Engine/Content/EngineResources/DefaultTexture.uasset" 294
"../../../Engine/Content/EngineResources/DefaultTextureCube.uasset" 295
"../../../Engine/Content/EngineResources/DefaultVolumeTexture2D.uasset" 296
"../../../Engine/Content/EngineResources/DefaultVolumeTexture.uasset" 297
"../../../Engine/Content/EngineResources/GradientTexture0.uasset" 298
"../../../Engine/Content/EngineResources/StreamingPauseIcon.uasset" 299
"../../../Engine/Content/EngineResources/M_StreamingPause.uasset" 300
"../../../Engine/Content/Functions/Engine_MaterialFunctions01/Shading/PowerToRoughness.uasset" 301
"../../../Engine/Content/Maps/Templates/Thumbnails/Default.uasset" 302
"../../../Engine/Content/Maps/Templates/Thumbnails/TimeOfDay.uasset" 303
"../../../Engine/Content/Maps/Templates/Thumbnails/VR-Basic.uasset" 304
"../../../Engine/Content/MapTemplates/Bokeh_5Sides.uasset" 305
"../../../Engine/Content/MapTemplates/T_ScreenDirt02_w.uasset" 306
"../../../Engine/Content/MapTemplates/Sky/DaylightAmbientCubemap.uasset" 307
"../../../Engine/Content/MobileResources/T_MobileControls_texture.uasset" 308
"../../../Engine/Content/MobileResources/T_MobileMenu2.uasset" 309
"../../../Engine/Content/MobileResources/HUD/AnalogHat.uasset" 310
"../../../Engine/Content/MobileResources/HUD/VirtualJoystick_Background.uasset" 311
"../../../Engine/Content/MobileResources/HUD/VirtualJoystick_Thumb.uasset" 312
"../../../Engine/Content/MobileResources/HUD/DefaultVirtualJoysticks.uasset" 313
"../../../Engine/Content/MobileResources/HUD/LeftVirtualJoystickOnly.uasset" 314
"../../../Engine/Content/MobileResources/HUD/MobileHUDButton1_off.uasset" 315
"../../../Engine/Content/MobileResources/HUD/MobileHUDButton1_on.uasset" 316
"../../../Engine/Content/MobileResources/HUD/MobileHUDButton2_off.uasset" 317
"../../../Engine/Content/MobileResources/HUD/MobileHUDButton2_on.uasset" 318
"../../../Engine/Content/MobileResources/HUD/MobileHUDButton3.uasset" 319
"../../../Engine/Content/MobileResources/HUD/MobileHUDButtonFire.uasset" 320
"../../../Engine/Content/MobileResources/HUD/MobileHUDDirectionPad.uasset" 321
"../../../Engine/Content/MobileResources/HUD/MobileHUDDirectionPad2.uasset" 322
"../../../Engine/Content/MobileResources/HUD/MobileHUDDirectionPad3.uasset" 323
"../../../Engine/Content/MobileResources/HUD/MobileHUDDirectionStick.uasset" 324
"../../../Engine/Content/MobileResources/HUD/T_Castle_ThumbstickInner.uasset" 325
"../../../Engine/Content/MobileResources/HUD/T_Castle_ThumbstickOutter.uasset" 326
"../../../Engine/Content/Tutorial/ContentIntroCurve.uasset" 327
"../../../Engine/Content/Tutorial/Basics/LevelEditorAttract.uasset" 328
"../../../Engine/Content/Tutorial/Basics/TutorialAssets/icon_tab_Levels_40x.uasset" 329
"../../../Engine/Content/Tutorial/Basics/LevelEditorOverview.uasset" 330
"../../../Engine/Content/Tutorial/BlueprintTutorials/TutorialAssets/Blueprint_64x.uasset" 331
"../../../Engine/Content/Tutorial/BlueprintTutorials/BlueprintEditorTutorial.uasset" 332
"../../../Engine/Content/Tutorial/BlueprintTutorials/LevelBlueprintEditorOverview.uasset" 333
"../../../Engine/Content/Tutorial/BlueprintTutorials/TutorialAssets/Tutorial_BP_MacroLib.uasset" 334
"../../../Engine/Content/Tutorial/SubEditors/MaterialEditorTutorial.uasset" 335
"../../../Engine/Content/Tutorial/SubEditors/StaticMeshEditorTutorial.uasset" 336
"../../../Engine/Content/Tutorial/SubEditors/TutorialAssets/TutorialMaterial.uasset" 337
"../../../Engine/Content/VREditor/Fonts/VRText_RobotoLarge.uasset" 338
"../../../Engine/Content/VREditor/LaserPointer/VR_LaserPower_01.uasset" 339
"../../../Engine/Content/VREditor/TransformGizmo/TransformGizmoMaterial.uasset" 340
"../../../Engine/Content/VREditor/TransformGizmo/TranslucentTransformGizmoMaterial.uasset" 341
"../../../Engine/Content/VREditor/TransformGizmo/BoundingBoxCorner.uasset" 342
"../../../Engine/Content/VREditor/TransformGizmo/BoundingBoxEdge.uasset" 343
"../../../Engine/Content/VREditor/TransformGizmo/PlaneTranslationHandle.uasset" 344
"../../../Engine/Content/VREditor/TransformGizmo/Main.uasset" 345
"../../../Engine/Content/VREditor/TransformGizmo/Xray.uasset" 346
"../../../Engine/Content/VREditor/TransformGizmo/SM_Sequencer_Key.uasset" 347
"../../../Engine/Content/VREditor/TransformGizmo/SM_Sequencer_Node.uasset" 348
"../../../../../../Mushe/Estudios/Escuela Da Vinci/5th Semester/Programming in Engines I/SpaceShootout/Content/SciFiWeapLight/FX/Textures/T_AssaultRifle_MuzzleFlashes_01.uasset" 349
"../../../../../../Mushe/Estudios/Escuela Da Vinci/5th Semester/Programming in Engines I/SpaceShootout/Content/SciFiWeapLight/FX/Textures/T_Plasma_Detail_01.uasset" 350
"../../../../../../Mushe/Estudios/Escuela Da Vinci/5th Semester/Programming in Engines I/SpaceShootout/Content/SciFiWeapLight/FX/Materials/M_AssaultRifle_MuzzleFlash_4x1.uasset" 351
"../../../../../../Mushe/Estudios/Escuela Da Vinci/5th Semester/Programming in Engines I/SpaceShootout/Content/SciFiWeapLight/FX/Materials/M_AssualtRifle_Core_01.uasset" 352
"../../../../../../Mushe/Estudios/Escuela Da Vinci/5th Semester/Programming in Engines I/SpaceShootout/Content/SciFiWeapLight/FX/Textures/T_DistortionCrystals_01.uasset" 353
"../../../../../../Mushe/Estudios/Escuela Da Vinci/5th Semester/Programming in Engines I/SpaceShootout/Content/SciFiWeapLight/FX/Textures/T_DistortionCrystals_Mask_01.uasset" 354
"../../../../../../Mushe/Estudios/Escuela Da Vinci/5th Semester/Programming in Engines I/SpaceShootout/Content/SciFiWeapLight/FX/Materials/M_CrystalRefraction_01.uasset" 355
"../../../../../../Mushe/Estudios/Escuela Da Vinci/5th Semester/Programming in Engines I/SpaceShootout/Content/SciFiWeapLight/FX/Textures/T_GlowSphere_01.uasset" 356
"../../../../../../Mushe/Estudios/Escuela Da Vinci/5th Semester/Programming in Engines I/SpaceShootout/Content/SciFiWeapLight/FX/Materials/M_Pop_01.uasset" 357
"../../../../../../Mushe/Estudios/Escuela Da Vinci/5th Semester/Programming in Engines I/SpaceShootout/Content/SciFiWeapLight/FX/Textures/T_FrameClamp.uasset" 358
"../../../../../../Mushe/Estudios/Escuela Da Vinci/5th Semester/Programming in Engines I/SpaceShootout/Content/SciFiWeapLight/FX/Textures/T_NoiseMask_01.uasset" 359
"../../../../../../Mushe/Estudios/Escuela Da Vinci/5th Semester/Programming in Engines I/SpaceShootout/Content/SciFiWeapLight/FX/Textures/T_Plasma_A_01.uasset" 360
"../../../../../../Mushe/Estudios/Escuela Da Vinci/5th Semester/Programming in Engines I/SpaceShootout/Content/SciFiWeapLight/FX/Textures/T_Plasma_B_01.uasset" 361
"../../../../../../Mushe/Estudios/Escuela Da Vinci/5th Semester/Programming in Engines I/SpaceShootout/Content/SciFiWeapLight/FX/Textures/T_PlasmaMask_01.uasset" 362
"../../../../../../Mushe/Estudios/Escuela Da Vinci/5th Semester/Programming in Engines I/SpaceShootout/Content/SciFiWeapLight/FX/Materials/M_Plasma_01.uasset" 363
"../../../../../../Mushe/Estudios/Escuela Da Vinci/5th Semester/Programming in Engines I/SpaceShootout/Content/SciFiWeapLight/FX/Materials/M_Plasma_Inst_B_Light.uasset" 364
"../../../../../../Mushe/Estudios/Escuela Da Vinci/5th Semester/Programming in Engines I/SpaceShootout/Content/SciFiWeapLight/FX/Materials/M_Plasma_Inst_C_Light.uasset" 365
"../../../../../../Mushe/Estudios/Escuela Da Vinci/5th Semester/Programming in Engines I/SpaceShootout/Content/SciFiWeapLight/FX/Textures/T_Pistol_Streaks_01.uasset" 366
"../../../../../../Mushe/Estudios/Escuela Da Vinci/5th Semester/Programming in Engines I/SpaceShootout/Content/SciFiWeapLight/FX/Materials/M_Pistol_Streaks_01.uasset" 367
"../../../../../../Mushe/Estudios/Escuela Da Vinci/5th Semester/Programming in Engines I/SpaceShootout/Content/SciFiWeapLight/FX/Textures/T_Sparks_02.uasset" 368
"../../../../../../Mushe/Estudios/Escuela Da Vinci/5th Semester/Programming in Engines I/SpaceShootout/Content/SciFiWeapLight/FX/Materials/M_Sparks_02.uasset" 369
"../../../../../../Mushe/Estudios/Escuela Da Vinci/5th Semester/Programming in Engines I/SpaceShootout/Content/SciFiWeapLight/FX/Meshes/St_AssualtRifle_Core_01.uasset" 370
"../../../../../../Mushe/Estudios/Escuela Da Vinci/5th Semester/Programming in Engines I/SpaceShootout/Content/SciFiWeapLight/FX/Vector_Fields/FGA_Turbulent_01.uasset" 371
"../../../../../../Mushe/Estudios/Escuela Da Vinci/5th Semester/Programming in Engines I/SpaceShootout/Content/SciFiWeapLight/FX/Particles/P_AssaultRifle_MuzzleFlash_Light.uasset" 372
"../../../../../../Mushe/Estudios/Escuela Da Vinci/5th Semester/Programming in Engines I/SpaceShootout/Content/SciFiWeapLight/Sound/Attenuation/WeaponShot_att.uasset" 373
"../../../../../../Mushe/Estudios/Escuela Da Vinci/5th Semester/Programming in Engines I/SpaceShootout/Content/SciFiWeapLight/Sound/Rifle/Wavs/Rifle_Fire01.uasset" 374
"../../../../../../Mushe/Estudios/Escuela Da Vinci/5th Semester/Programming in Engines I/SpaceShootout/Content/SciFiWeapLight/Sound/Rifle/Wavs/Rifle_Fire02.uasset" 375
"../../../../../../Mushe/Estudios/Escuela Da Vinci/5th Semester/Programming in Engines I/SpaceShootout/Content/SciFiWeapLight/Sound/Rifle/Wavs/Rifle_Fire03.uasset" 376
"../../../../../../Mushe/Estudios/Escuela Da Vinci/5th Semester/Programming in Engines I/SpaceShootout/Content/SciFiWeapLight/Sound/Rifle/Wavs/Rifle_Fire04.uasset" 377
"../../../../../../Mushe/Estudios/Escuela Da Vinci/5th Semester/Programming in Engines I/SpaceShootout/Content/SciFiWeapLight/Sound/Rifle/Wavs/Rifle_Fire05.uasset" 378
"../../../../../../Mushe/Estudios/Escuela Da Vinci/5th Semester/Programming in Engines I/SpaceShootout/Content/SciFiWeapLight/Sound/Rifle/Wavs/Rifle_Fire06.uasset" 379
"../../../../../../Mushe/Estudios/Escuela Da Vinci/5th Semester/Programming in Engines I/SpaceShootout/Content/SciFiWeapLight/Sound/Rifle/Wavs/Rifle_Fire_ST01.uasset" 380
"../../../../../../Mushe/Estudios/Escuela Da Vinci/5th Semester/Programming in Engines I/SpaceShootout/Content/SciFiWeapLight/Sound/Rifle/Wavs/Rifle_Fire_ST02.uasset" 381
"../../../../../../Mushe/Estudios/Escuela Da Vinci/5th Semester/Programming in Engines I/SpaceShootout/Content/SciFiWeapLight/Sound/Rifle/Wavs/Rifle_Fire_ST03.uasset" 382
"../../../../../../Mushe/Estudios/Escuela Da Vinci/5th Semester/Programming in Engines I/SpaceShootout/Content/SciFiWeapLight/Sound/Rifle/Wavs/Rifle_Fire_ST04.uasset" 383
"../../../../../../Mushe/Estudios/Escuela Da Vinci/5th Semester/Programming in Engines I/SpaceShootout/Content/SciFiWeapLight/Sound/Rifle/Wavs/Rifle_Fire_ST05.uasset" 384
"../../../../../../Mushe/Estudios/Escuela Da Vinci/5th Semester/Programming in Engines I/SpaceShootout/Content/SciFiWeapLight/Sound/Rifle/Wavs/Rifle_Fire_ST06.uasset" 385
"../../../../../../Mushe/Estudios/Escuela Da Vinci/5th Semester/Programming in Engines I/SpaceShootout/Content/SciFiWeapLight/Sound/Rifle/Rifle_Fire_Cue.uasset" 386
"../../../../../../Mushe/Estudios/Escuela Da Vinci/5th Semester/Programming in Engines I/SpaceShootout/Content/SciFiWeapLight/Weapons/White_AssaultRifle_Skeleton.uasset" 387
"../../../../../../Mushe/Estudios/Escuela Da Vinci/5th Semester/Programming in Engines I/SpaceShootout/Content/SciFiWeapLight/Weapons/Anims/Fire_Rifle_W.uasset" 388
"../../../../../../Mushe/Estudios/Escuela Da Vinci/5th Semester/Programming in Engines I/SpaceShootout/Content/Blueprints/Animations/BP_RifleAnimations.uasset" 389
"../../../../../../Mushe/Estudios/Escuela Da Vinci/5th Semester/Programming in Engines I/SpaceShootout/Content/Blueprints/BulletMaterial.uasset" 390
"../../../Engine/Content/EngineSounds/Master.uasset" 391
"../../../Engine/Content/EngineSounds/Normal_Attack.uasset" 392
"../../../Engine/Content/EngineSounds/Duck_Normal_Attack_MixMod.uasset" 393
"../../../Engine/Content/EngineSounds/Special_Attack_PSM.uasset" 394
"../../../Engine/Content/EngineSounds/SFX.uasset" 395
"../../../../../../Mushe/Estudios/Escuela Da Vinci/5th Semester/Programming in Engines I/SpaceShootout/Content/Blueprints/Audio/SFX/Bullet_impact.uasset" 396
"../../../../../../Mushe/Estudios/Escuela Da Vinci/5th Semester/Programming in Engines I/SpaceShootout/Content/Blueprints/Audio/BulletImpact.uasset" 397
"../../../../../../Mushe/Estudios/Escuela Da Vinci/5th Semester/Programming in Engines I/SpaceShootout/Content/Blueprints/Audio/Human-Grunt.uasset" 398
"../../../../../../Mushe/Estudios/Escuela Da Vinci/5th Semester/Programming in Engines I/SpaceShootout/Content/Blueprints/Audio/SFX/Robot_hit.uasset" 399
"../../../../../../Mushe/Estudios/Escuela Da Vinci/5th Semester/Programming in Engines I/SpaceShootout/Content/Blueprints/Audio/RobotImpact.uasset" 400
"../../../../../../Mushe/Estudios/Escuela Da Vinci/5th Semester/Programming in Engines I/SpaceShootout/Content/SciFiWeapLight/Weapons/Textures/T_White_AssaultRifle_D.uasset" 401
"../../../../../../Mushe/Estudios/Escuela Da Vinci/5th Semester/Programming in Engines I/SpaceShootout/Content/SciFiWeapLight/Weapons/Textures/T_White_AssaultRifle_Masks2.uasset" 402
"../../../../../../Mushe/Estudios/Escuela Da Vinci/5th Semester/Programming in Engines I/SpaceShootout/Content/SciFiWeapLight/Weapons/Textures/T_White_AssaultRifle_N.uasset" 403
"../../../../../../Mushe/Estudios/Escuela Da Vinci/5th Semester/Programming in Engines I/SpaceShootout/Content/SciFiWeapLight/Weapons/Textures/T_White_AssaultRifleColor_M.uasset" 404
"../../../../../../Mushe/Estudios/Escuela Da Vinci/5th Semester/Programming in Engines I/SpaceShootout/Content/SciFiWeapLight/Weapons/Materials/M_WeaponMaster.uasset" 405
"../../../../../../Mushe/Estudios/Escuela Da Vinci/5th Semester/Programming in Engines I/SpaceShootout/Content/SciFiWeapLight/Weapons/Textures/T_White_AssaultRifle_Masks.uasset" 406
"../../../../../../Mushe/Estudios/Escuela Da Vinci/5th Semester/Programming in Engines I/SpaceShootout/Content/SciFiWeapLight/Weapons/Materials/M_AssaultRifle_Inst.uasset" 407
"../../../../../../Mushe/Estudios/Escuela Da Vinci/5th Semester/Programming in Engines I/SpaceShootout/Content/SciFiWeapLight/Weapons/White_AssaultRifle_Ammo.uasset" 408
"../../../../../../Mushe/Estudios/Escuela Da Vinci/5th Semester/Programming in Engines I/SpaceShootout/Content/Blueprints/BP_Bullet.uasset" 409
"../../../../../../Mushe/Estudios/Escuela Da Vinci/5th Semester/Programming in Engines I/SpaceShootout/Content/Blueprints/MyGameInstance.uasset" 410
"../../../Engine/Content/EngineMaterials/PhysMat_Metal.uasset" 411
"../../../../../../Mushe/Estudios/Escuela Da Vinci/5th Semester/Programming in Engines I/SpaceShootout/Content/Blueprints/Weapon.uasset" 412
"../../../../../../Mushe/Estudios/Escuela Da Vinci/5th Semester/Programming in Engines I/SpaceShootout/Content/Blueprints/Audio/SFX/Human_death.uasset" 413
"../../../../../../Mushe/Estudios/Escuela Da Vinci/5th Semester/Programming in Engines I/SpaceShootout/Content/Blueprints/Audio/HumanDeath.uasset" 414
"../../../../../../Mushe/Estudios/Escuela Da Vinci/5th Semester/Programming in Engines I/SpaceShootout/Content/Blueprints/Audio/SFX/Player_run.uasset" 415
"../../../../../../Mushe/Estudios/Escuela Da Vinci/5th Semester/Programming in Engines I/SpaceShootout/Content/Blueprints/Audio/PlayerRun.uasset" 416
"../../../../../../Mushe/Estudios/Escuela Da Vinci/5th Semester/Programming in Engines I/SpaceShootout/Content/SciFi_Robot/Mannequin/Character/Mesh/UE4_Mannequin_Skeleton.uasset" 417
"../../../../../../Mushe/Estudios/Escuela Da Vinci/5th Semester/Programming in Engines I/SpaceShootout/Content/SciFi_Robot/Mannequin/Animations/ThirdPersonIdle.uasset" 418
"../../../../../../Mushe/Estudios/Escuela Da Vinci/5th Semester/Programming in Engines I/SpaceShootout/Content/SciFi_Robot/Mannequin/Animations/ThirdPersonRun.uasset" 419
"../../../../../../Mushe/Estudios/Escuela Da Vinci/5th Semester/Programming in Engines I/SpaceShootout/Content/Blueprints/Animations/BP_RobotAnimations.uasset" 420
"../../../../../../Mushe/Estudios/Escuela Da Vinci/5th Semester/Programming in Engines I/SpaceShootout/Content/Blueprints/BP_EnemyHealthbar.uasset" 421
"../../../../../../Mushe/Estudios/Escuela Da Vinci/5th Semester/Programming in Engines I/SpaceShootout/Content/Blueprints/Audio/SFX/Robot_death.uasset" 422
"../../../../../../Mushe/Estudios/Escuela Da Vinci/5th Semester/Programming in Engines I/SpaceShootout/Content/Blueprints/Audio/RobotDeath.uasset" 423
"../../../../../../Mushe/Estudios/Escuela Da Vinci/5th Semester/Programming in Engines I/SpaceShootout/Content/Blueprints/Audio/SFX/Robot_run.uasset" 424
"../../../../../../Mushe/Estudios/Escuela Da Vinci/5th Semester/Programming in Engines I/SpaceShootout/Content/Blueprints/Audio/RobotRun.uasset" 425
"../../../../../../Mushe/Estudios/Escuela Da Vinci/5th Semester/Programming in Engines I/SpaceShootout/Content/SciFi_Robot/TEXTURES/SKIN_ARMY/MIL_BC_TX.uasset" 426
"../../../../../../Mushe/Estudios/Escuela Da Vinci/5th Semester/Programming in Engines I/SpaceShootout/Content/SciFi_Robot/TEXTURES/SKIN_ARMY/MIL_EM_TX.uasset" 427
"../../../../../../Mushe/Estudios/Escuela Da Vinci/5th Semester/Programming in Engines I/SpaceShootout/Content/SciFi_Robot/TEXTURES/SKIN_ARMY/MIL_NMR_TX.uasset" 428
"../../../../../../Mushe/Estudios/Escuela Da Vinci/5th Semester/Programming in Engines I/SpaceShootout/Content/SciFi_Robot/TEXTURES/SKIN_ARMY/MIL_ORM_TX.uasset" 429
"../../../../../../Mushe/Estudios/Escuela Da Vinci/5th Semester/Programming in Engines I/SpaceShootout/Content/SciFi_Robot/MATERIALS/BODY/MIL_MAT.uasset" 430
"../../../../../../Mushe/Estudios/Escuela Da Vinci/5th Semester/Programming in Engines I/SpaceShootout/Content/SciFi_Robot/TEXTURES/DECALS/DECAL_03_ALPHA_TX.uasset" 431
"../../../../../../Mushe/Estudios/Escuela Da Vinci/5th Semester/Programming in Engines I/SpaceShootout/Content/SciFi_Robot/MATERIALS/DECALS/DECAL_MIL_MAT.uasset" 432
"../../../Engine/Content/Functions/Engine_MaterialFunctions01/Gradient/LinearGradient.uasset" 433
"../../../Engine/Content/Functions/Engine_MaterialFunctions01/ImageAdjustment/CheapContrast.uasset" 434
"../../../../../../Mushe/Estudios/Escuela Da Vinci/5th Semester/Programming in Engines I/SpaceShootout/Content/SciFi_Robot/TEXTURES/LED/PULSE_FL_TX.uasset" 435
"../../../../../../Mushe/Estudios/Escuela Da Vinci/5th Semester/Programming in Engines I/SpaceShootout/Content/SciFi_Robot/MATERIALS/VISOR/VISOR_MAT.uasset" 436
"../../../../../../Mushe/Estudios/Escuela Da Vinci/5th Semester/Programming in Engines I/SpaceShootout/Content/SciFi_Robot/MESHES/SCIFI_ROBOT_PHYSIC_ASSET.uasset" 437
"../../../../../../Mushe/Estudios/Escuela Da Vinci/5th Semester/Programming in Engines I/SpaceShootout/Content/SciFi_Robot/MESHES/SCIFI_ROBOT_SK.uasset" 438
"../../../Engine/Content/Functions/Engine_MaterialFunctions01/Gradient/RadialGradient.uasset" 439
"../../../Engine/Content/Functions/Engine_MaterialFunctions02/Utility/LinearSine.uasset" 440
"../../../../../../Mushe/Estudios/Escuela Da Vinci/5th Semester/Programming in Engines I/SpaceShootout/Content/TS_Fireworks/Materials/M_TS_FireworksSimple.uasset" 441
"../../../../../../Mushe/Estudios/Escuela Da Vinci/5th Semester/Programming in Engines I/SpaceShootout/Content/TS_Fireworks/Materials/M_TS_FireworksSmoke.uasset" 442
"../../../../../../Mushe/Estudios/Escuela Da Vinci/5th Semester/Programming in Engines I/SpaceShootout/Content/TS_Fireworks/Materials/MI_TS_Fireworks_Solid.uasset" 443
"../../../../../../Mushe/Estudios/Escuela Da Vinci/5th Semester/Programming in Engines I/SpaceShootout/Content/TS_Fireworks/Particles/PS_TS_Fireworks_Burst_Circle.uasset" 444
"../../../../../../Mushe/Estudios/Escuela Da Vinci/5th Semester/Programming in Engines I/SpaceShootout/Content/Blueprints/BP_Enemy.uasset" 445
"../../../../../../Mushe/Estudios/Escuela Da Vinci/5th Semester/Programming in Engines I/SpaceShootout/Content/Blueprints/UI.uasset" 446
"../../../../../../Mushe/Estudios/Escuela Da Vinci/5th Semester/Programming in Engines I/SpaceShootout/Content/SciFiWeapLight/Weapons/White_AssaultRifle_PhysicsAsset.uasset" 447
"../../../../../../Mushe/Estudios/Escuela Da Vinci/5th Semester/Programming in Engines I/SpaceShootout/Content/SciFiWeapLight/Weapons/White_AssaultRifle.uasset" 448
"../../../../../../Mushe/Estudios/Escuela Da Vinci/5th Semester/Programming in Engines I/SpaceShootout/Content/Blueprints/BP_FPSController.uasset" 449
"../../../../../../Mushe/Estudios/Escuela Da Vinci/5th Semester/Programming in Engines I/SpaceShootout/Content/Blueprints/BP_SS_GameModeBase.uasset" 450
"../../../../../../Mushe/Estudios/Escuela Da Vinci/5th Semester/Programming in Engines I/SpaceShootout/Content/BP_SS_GameModeBase.uasset" 451
"../../../../../../Mushe/Estudios/Escuela Da Vinci/5th Semester/Programming in Engines I/SpaceShootout/Content/Blueprints/Audio/SFX/Human_grunt_1.uasset" 452
"../../../../../../Mushe/Estudios/Escuela Da Vinci/5th Semester/Programming in Engines I/SpaceShootout/Content/Blueprints/Audio/SFX/Human_grunt_2.uasset" 453
"../../../../../../Mushe/Estudios/Escuela Da Vinci/5th Semester/Programming in Engines I/SpaceShootout/Content/Blueprints/Audio/SFX/Human_grunt_3.uasset" 454
"../../../../../../Mushe/Estudios/Escuela Da Vinci/5th Semester/Programming in Engines I/SpaceShootout/Content/Blueprints/Audio/SFX/Human_grunt_4.uasset" 455
"../../../../../../Mushe/Estudios/Escuela Da Vinci/5th Semester/Programming in Engines I/SpaceShootout/Content/Blueprints/Audio/SFX/Human_grunt_5.uasset" 456
"../../../Engine/Content/Functions/Engine_MaterialFunctions01/Texturing/FlattenNormal.uasset" 457
"../../../Engine/Content/Functions/Engine_MaterialFunctions02/Utility/CustomReflectionVector.uasset" 458
"../../../../../../Mushe/Estudios/Escuela Da Vinci/5th Semester/Programming in Engines I/SpaceShootout/Content/Polar/Textures/CubeMaps/T_Vista_CubeMap.uasset" 459
"../../../../../../Mushe/Estudios/Escuela Da Vinci/5th Semester/Programming in Engines I/SpaceShootout/Content/Polar/Textures/CubeMaps/T_Vista_CubeMap_02.uasset" 460
"../../../../../../Mushe/Estudios/Escuela Da Vinci/5th Semester/Programming in Engines I/SpaceShootout/Content/Polar/Textures/Vista_Textures/T_Foreground_CLR.uasset" 461
"../../../../../../Mushe/Estudios/Escuela Da Vinci/5th Semester/Programming in Engines I/SpaceShootout/Content/Polar/Textures/Vista_Textures/T_Foreground_NRM.uasset" 462
"../../../../../../Mushe/Estudios/Escuela Da Vinci/5th Semester/Programming in Engines I/SpaceShootout/Content/Polar/Textures/Vista_Textures/T_Foreground_SPEC.uasset" 463
"../../../../../../Mushe/Estudios/Escuela Da Vinci/5th Semester/Programming in Engines I/SpaceShootout/Content/Polar/Textures/Vista_Textures/T_Mountain_Tile_CLR.uasset" 464
"../../../../../../Mushe/Estudios/Escuela Da Vinci/5th Semester/Programming in Engines I/SpaceShootout/Content/Polar/Materials/Vista_Materials/_M_Master_Mountains.uasset" 465
"../../../../../../Mushe/Estudios/Escuela Da Vinci/5th Semester/Programming in Engines I/SpaceShootout/Content/Polar/Textures/Vista_Textures/T_Mountain_02_HeavySnow_CLR.uasset" 466
"../../../../../../Mushe/Estudios/Escuela Da Vinci/5th Semester/Programming in Engines I/SpaceShootout/Content/Polar/Textures/Vista_Textures/T_Mountain_02_NRM.uasset" 467
"../../../../../../Mushe/Estudios/Escuela Da Vinci/5th Semester/Programming in Engines I/SpaceShootout/Content/Polar/Textures/Vista_Textures/T_Mountain_02_SPEC.uasset" 468
"../../../../../../Mushe/Estudios/Escuela Da Vinci/5th Semester/Programming in Engines I/SpaceShootout/Content/Polar/Materials/Vista_Materials/M_Mountain_02_HeavySnow_Inst.uasset" 469
"../../../../../../Mushe/Estudios/Escuela Da Vinci/5th Semester/Programming in Engines I/SpaceShootout/Content/Polar/Textures/Vista_Textures/T_Mountain_02_CLR.uasset" 470
"../../../../../../Mushe/Estudios/Escuela Da Vinci/5th Semester/Programming in Engines I/SpaceShootout/Content/Polar/Materials/Vista_Materials/M_Mountain_02_Inst.uasset" 471
"../../../../../../Mushe/Estudios/Escuela Da Vinci/5th Semester/Programming in Engines I/SpaceShootout/Content/Polar/Materials/Vista_Materials/M_New_Sky_Mountain_02_Inst_.uasset" 472
"../../../../../../Mushe/Estudios/Escuela Da Vinci/5th Semester/Programming in Engines I/SpaceShootout/Content/Polar/Textures/Vista_Textures/T_Sky_Masks.uasset" 473
"../../../../../../Mushe/Estudios/Escuela Da Vinci/5th Semester/Programming in Engines I/SpaceShootout/Content/Polar/Textures/Vista_Textures/T_Sky_Masks_03.uasset" 474
"../../../../../../Mushe/Estudios/Escuela Da Vinci/5th Semester/Programming in Engines I/SpaceShootout/Content/Polar/Materials/Vista_Materials/Sky_Materials/_M_Master_Stars.uasset" 475
"../../../../../../Mushe/Estudios/Escuela Da Vinci/5th Semester/Programming in Engines I/SpaceShootout/Content/Polar/Materials/Vista_Materials/Sky_Materials/M_Sky_Stars_Bright.uasset" 476
"../../../../../../Mushe/Estudios/Escuela Da Vinci/5th Semester/Programming in Engines I/SpaceShootout/Content/Polar/Textures/Vista_Textures/T_Sky_Masks_02.uasset" 477
"../../../../../../Mushe/Estudios/Escuela Da Vinci/5th Semester/Programming in Engines I/SpaceShootout/Content/Polar/Materials/Vista_Materials/Sky_Materials/_M_Master_Clouds.uasset" 478
"../../../../../../Mushe/Estudios/Escuela Da Vinci/5th Semester/Programming in Engines I/SpaceShootout/Content/Polar/Materials/Vista_Materials/Sky_Materials/Night/M_Sky_Night_Clouds.uasset" 479
"../../../../../../Mushe/Estudios/Escuela Da Vinci/5th Semester/Programming in Engines I/SpaceShootout/Content/Polar/Materials/Vista_Materials/Sky_Materials/_M_Master_Foregrond_Clouds.uasset" 480
"../../../../../../Mushe/Estudios/Escuela Da Vinci/5th Semester/Programming in Engines I/SpaceShootout/Content/Polar/Materials/Vista_Materials/Sky_Materials/Night/M_Sky_Night_Clouds_Foregorund.uasset" 481
"../../../../../../Mushe/Estudios/Escuela Da Vinci/5th Semester/Programming in Engines I/SpaceShootout/Content/Polar/Materials/Vista_Materials/Sky_Materials/M_Sky_Clouds.uasset" 482
"../../../../../../Mushe/Estudios/Escuela Da Vinci/5th Semester/Programming in Engines I/SpaceShootout/Content/Polar/Materials/Vista_Materials/Sky_Materials/Night/M_Sky_Night_Clouds_Small_Inst.uasset" 483
"../../../../../../Mushe/Estudios/Escuela Da Vinci/5th Semester/Programming in Engines I/SpaceShootout/Content/Polar/Materials/Vista_Materials/Sky_Materials/_M_Master_Sky.uasset" 484
"../../../../../../Mushe/Estudios/Escuela Da Vinci/5th Semester/Programming in Engines I/SpaceShootout/Content/Polar/Materials/Vista_Materials/Sky_Materials/Night/M_Sky_Night_Colors.uasset" 485
"../../../../../../Mushe/Estudios/Escuela Da Vinci/5th Semester/Programming in Engines I/SpaceShootout/Content/Polar/Materials/Vista_Materials/M_Foreground_Inst.uasset" 486
"../../../../../../Mushe/Estudios/Escuela Da Vinci/5th Semester/Programming in Engines I/SpaceShootout/Content/Polar/Meshes/Vista/SM_Foreground.uasset" 487
"../../../../../../Mushe/Estudios/Escuela Da Vinci/5th Semester/Programming in Engines I/SpaceShootout/Content/Polar/Meshes/Vista/SM_Mountain_02.uasset" 488
"../../../../../../Mushe/Estudios/Escuela Da Vinci/5th Semester/Programming in Engines I/SpaceShootout/Content/Polar/Meshes/Vista/SM_Sky_Sphere_Stat.uasset" 489
"../../../../../../Mushe/Estudios/Escuela Da Vinci/5th Semester/Programming in Engines I/SpaceShootout/Content/SpaceshipInterior/Maps/Level_1.uasset" 490
"../../../../../../Mushe/Estudios/Escuela Da Vinci/5th Semester/Programming in Engines I/SpaceShootout/Content/SpaceshipInterior/Maps/Level.uasset" 491
"../../../../../../Mushe/Estudios/Escuela Da Vinci/5th Semester/Programming in Engines I/SpaceShootout/Content/SpaceshipInterior/Textures/T_Scifi_Bag_AO.uasset" 492
"../../../../../../Mushe/Estudios/Escuela Da Vinci/5th Semester/Programming in Engines I/SpaceShootout/Content/SpaceshipInterior/Textures/T_Scifi_Bag_BC.uasset" 493
"../../../../../../Mushe/Estudios/Escuela Da Vinci/5th Semester/Programming in Engines I/SpaceShootout/Content/SpaceshipInterior/Textures/T_Scifi_Bag_N.uasset" 494
"../../../../../../Mushe/Estudios/Escuela Da Vinci/5th Semester/Programming in Engines I/SpaceShootout/Content/SpaceshipInterior/Textures/T_Scifi_Bag_R.uasset" 495
"../../../../../../Mushe/Estudios/Escuela Da Vinci/5th Semester/Programming in Engines I/SpaceShootout/Content/SpaceshipInterior/Textures/T_Scifi_Bag_S.uasset" 496
"../../../../../../Mushe/Estudios/Escuela Da Vinci/5th Semester/Programming in Engines I/SpaceShootout/Content/SpaceshipInterior/Textures/T_Scifi_Chair_AO.uasset" 497
"../../../../../../Mushe/Estudios/Escuela Da Vinci/5th Semester/Programming in Engines I/SpaceShootout/Content/SpaceshipInterior/Textures/T_Scifi_Chair_BC.uasset" 498
"../../../../../../Mushe/Estudios/Escuela Da Vinci/5th Semester/Programming in Engines I/SpaceShootout/Content/SpaceshipInterior/Textures/T_Scifi_Chair_N.uasset" 499
"../../../../../../Mushe/Estudios/Escuela Da Vinci/5th Semester/Programming in Engines I/SpaceShootout/Content/SpaceshipInterior/Textures/T_Scifi_Chair_R.uasset" 500
"../../../../../../Mushe/Estudios/Escuela Da Vinci/5th Semester/Programming in Engines I/SpaceShootout/Content/SpaceshipInterior/Textures/T_Scifi_Chair_S.uasset" 501
"../../../../../../Mushe/Estudios/Escuela Da Vinci/5th Semester/Programming in Engines I/SpaceShootout/Content/SpaceshipInterior/Textures/T_Scifi_Crate_AO.uasset" 502
"../../../../../../Mushe/Estudios/Escuela Da Vinci/5th Semester/Programming in Engines I/SpaceShootout/Content/SpaceshipInterior/Textures/T_Scifi_Crate_BC.uasset" 503
"../../../../../../Mushe/Estudios/Escuela Da Vinci/5th Semester/Programming in Engines I/SpaceShootout/Content/SpaceshipInterior/Textures/T_Scifi_Crate_N.uasset" 504
"../../../../../../Mushe/Estudios/Escuela Da Vinci/5th Semester/Programming in Engines I/SpaceShootout/Content/SpaceshipInterior/Textures/T_Scifi_Crate_R.uasset" 505
"../../../../../../Mushe/Estudios/Escuela Da Vinci/5th Semester/Programming in Engines I/SpaceShootout/Content/SpaceshipInterior/Textures/T_Scifi_Crate_S.uasset" 506
"../../../../../../Mushe/Estudios/Escuela Da Vinci/5th Semester/Programming in Engines I/SpaceShootout/Content/SpaceshipInterior/Textures/T_Scifi_Door_01_AO.uasset" 507
"../../../../../../Mushe/Estudios/Escuela Da Vinci/5th Semester/Programming in Engines I/SpaceShootout/Content/SpaceshipInterior/Textures/T_Scifi_Door_01_BC.uasset" 508
"../../../../../../Mushe/Estudios/Escuela Da Vinci/5th Semester/Programming in Engines I/SpaceShootout/Content/SpaceshipInterior/Textures/T_Scifi_Door_01_N.uasset" 509
"../../../../../../Mushe/Estudios/Escuela Da Vinci/5th Semester/Programming in Engines I/SpaceShootout/Content/SpaceshipInterior/Textures/T_Scifi_Door_01_R.uasset" 510
"../../../../../../Mushe/Estudios/Escuela Da Vinci/5th Semester/Programming in Engines I/SpaceShootout/Content/SpaceshipInterior/Textures/T_Scifi_Door_01_S.uasset" 511
"../../../../../../Mushe/Estudios/Escuela Da Vinci/5th Semester/Programming in Engines I/SpaceShootout/Content/SpaceshipInterior/Textures/T_Scifi_Door_02_AO.uasset" 512
"../../../../../../Mushe/Estudios/Escuela Da Vinci/5th Semester/Programming in Engines I/SpaceShootout/Content/SpaceshipInterior/Textures/T_Scifi_Door_02_BC.uasset" 513
"../../../../../../Mushe/Estudios/Escuela Da Vinci/5th Semester/Programming in Engines I/SpaceShootout/Content/SpaceshipInterior/Textures/T_Scifi_Door_02_N.uasset" 514
"../../../../../../Mushe/Estudios/Escuela Da Vinci/5th Semester/Programming in Engines I/SpaceShootout/Content/SpaceshipInterior/Textures/T_Scifi_Door_02_R.uasset" 515
"../../../../../../Mushe/Estudios/Escuela Da Vinci/5th Semester/Programming in Engines I/SpaceShootout/Content/SpaceshipInterior/Textures/T_Scifi_Door_02_S.uasset" 516
"../../../../../../Mushe/Estudios/Escuela Da Vinci/5th Semester/Programming in Engines I/SpaceShootout/Content/SpaceshipInterior/Textures/T_Scifi_Fence_AO.uasset" 517
"../../../../../../Mushe/Estudios/Escuela Da Vinci/5th Semester/Programming in Engines I/SpaceShootout/Content/SpaceshipInterior/Textures/T_Scifi_Fence_BC.uasset" 518
"../../../../../../Mushe/Estudios/Escuela Da Vinci/5th Semester/Programming in Engines I/SpaceShootout/Content/SpaceshipInterior/Textures/T_Scifi_Fence_M.uasset" 519
"../../../../../../Mushe/Estudios/Escuela Da Vinci/5th Semester/Programming in Engines I/SpaceShootout/Content/SpaceshipInterior/Textures/T_Scifi_Fence_N.uasset" 520
"../../../../../../Mushe/Estudios/Escuela Da Vinci/5th Semester/Programming in Engines I/SpaceShootout/Content/SpaceshipInterior/Textures/T_Scifi_Fence_R.uasset" 521
"../../../../../../Mushe/Estudios/Escuela Da Vinci/5th Semester/Programming in Engines I/SpaceShootout/Content/SpaceshipInterior/Textures/T_Scifi_Fence_S.uasset" 522
"../../../../../../Mushe/Estudios/Escuela Da Vinci/5th Semester/Programming in Engines I/SpaceShootout/Content/SpaceshipInterior/Textures/T_Scifi_Floor_01_AO.uasset" 523
"../../../../../../Mushe/Estudios/Escuela Da Vinci/5th Semester/Programming in Engines I/SpaceShootout/Content/SpaceshipInterior/Textures/T_Scifi_Floor_01_BC.uasset" 524
"../../../../../../Mushe/Estudios/Escuela Da Vinci/5th Semester/Programming in Engines I/SpaceShootout/Content/SpaceshipInterior/Textures/T_Scifi_Floor_01_N.uasset" 525
"../../../../../../Mushe/Estudios/Escuela Da Vinci/5th Semester/Programming in Engines I/SpaceShootout/Content/SpaceshipInterior/Textures/T_Scifi_Floor_01_R.uasset" 526
"../../../../../../Mushe/Estudios/Escuela Da Vinci/5th Semester/Programming in Engines I/SpaceShootout/Content/SpaceshipInterior/Textures/T_Scifi_Floor_01_S.uasset" 527
"../../../../../../Mushe/Estudios/Escuela Da Vinci/5th Semester/Programming in Engines I/SpaceShootout/Content/SpaceshipInterior/Textures/T_Scifi_Floor_02_AO.uasset" 528
"../../../../../../Mushe/Estudios/Escuela Da Vinci/5th Semester/Programming in Engines I/SpaceShootout/Content/SpaceshipInterior/Textures/T_Scifi_Floor_02_BC.uasset" 529
"../../../../../../Mushe/Estudios/Escuela Da Vinci/5th Semester/Programming in Engines I/SpaceShootout/Content/SpaceshipInterior/Textures/T_Scifi_Floor_02_N.uasset" 530
"../../../../../../Mushe/Estudios/Escuela Da Vinci/5th Semester/Programming in Engines I/SpaceShootout/Content/SpaceshipInterior/Textures/T_Scifi_Floor_02_R.uasset" 531
"../../../../../../Mushe/Estudios/Escuela Da Vinci/5th Semester/Programming in Engines I/SpaceShootout/Content/SpaceshipInterior/Textures/T_Scifi_Floor_02_S.uasset" 532
"../../../../../../Mushe/Estudios/Escuela Da Vinci/5th Semester/Programming in Engines I/SpaceShootout/Content/SpaceshipInterior/Textures/T_Scifi_Floor_03_AO.uasset" 533
"../../../../../../Mushe/Estudios/Escuela Da Vinci/5th Semester/Programming in Engines I/SpaceShootout/Content/SpaceshipInterior/Textures/T_Scifi_Floor_03_BC.uasset" 534
"../../../../../../Mushe/Estudios/Escuela Da Vinci/5th Semester/Programming in Engines I/SpaceShootout/Content/SpaceshipInterior/Textures/T_Scifi_Floor_03_M.uasset" 535
"../../../../../../Mushe/Estudios/Escuela Da Vinci/5th Semester/Programming in Engines I/SpaceShootout/Content/SpaceshipInterior/Textures/T_Scifi_Floor_03_N.uasset" 536
"../../../../../../Mushe/Estudios/Escuela Da Vinci/5th Semester/Programming in Engines I/SpaceShootout/Content/SpaceshipInterior/Textures/T_Scifi_Floor_03_R.uasset" 537
"../../../../../../Mushe/Estudios/Escuela Da Vinci/5th Semester/Programming in Engines I/SpaceShootout/Content/SpaceshipInterior/Textures/T_Scifi_Floor_03_S.uasset" 538
"../../../../../../Mushe/Estudios/Escuela Da Vinci/5th Semester/Programming in Engines I/SpaceShootout/Content/SpaceshipInterior/Textures/T_Scifi_Floor_04_AO.uasset" 539
"../../../../../../Mushe/Estudios/Escuela Da Vinci/5th Semester/Programming in Engines I/SpaceShootout/Content/SpaceshipInterior/Textures/T_Scifi_Floor_04_BC.uasset" 540
"../../../../../../Mushe/Estudios/Escuela Da Vinci/5th Semester/Programming in Engines I/SpaceShootout/Content/SpaceshipInterior/Textures/T_Scifi_Floor_04_N.uasset" 541
"../../../../../../Mushe/Estudios/Escuela Da Vinci/5th Semester/Programming in Engines I/SpaceShootout/Content/SpaceshipInterior/Textures/T_Scifi_Floor_04_R.uasset" 542
"../../../../../../Mushe/Estudios/Escuela Da Vinci/5th Semester/Programming in Engines I/SpaceShootout/Content/SpaceshipInterior/Textures/T_Scifi_Floor_04_S.uasset" 543
"../../../../../../Mushe/Estudios/Escuela Da Vinci/5th Semester/Programming in Engines I/SpaceShootout/Content/SpaceshipInterior/Textures/T_Scifi_Floor_Grid_AO.uasset" 544
"../../../../../../Mushe/Estudios/Escuela Da Vinci/5th Semester/Programming in Engines I/SpaceShootout/Content/SpaceshipInterior/Textures/T_Scifi_Floor_Grid_BC.uasset" 545
"../../../../../../Mushe/Estudios/Escuela Da Vinci/5th Semester/Programming in Engines I/SpaceShootout/Content/SpaceshipInterior/Textures/T_Scifi_Floor_Grid_M.uasset" 546
"../../../../../../Mushe/Estudios/Escuela Da Vinci/5th Semester/Programming in Engines I/SpaceShootout/Content/SpaceshipInterior/Textures/T_Scifi_Floor_Grid_N.uasset" 547
"../../../../../../Mushe/Estudios/Escuela Da Vinci/5th Semester/Programming in Engines I/SpaceShootout/Content/SpaceshipInterior/Textures/T_Scifi_Floor_Grid_R.uasset" 548
"../../../../../../Mushe/Estudios/Escuela Da Vinci/5th Semester/Programming in Engines I/SpaceShootout/Content/SpaceshipInterior/Textures/T_Scifi_Floor_Grid_S.uasset" 549
"../../../../../../Mushe/Estudios/Escuela Da Vinci/5th Semester/Programming in Engines I/SpaceShootout/Content/SpaceshipInterior/Textures/T_Scifi_Lamp_AO.uasset" 550
"../../../../../../Mushe/Estudios/Escuela Da Vinci/5th Semester/Programming in Engines I/SpaceShootout/Content/SpaceshipInterior/Textures/T_Scifi_Lamp_BC.uasset" 551
"../../../../../../Mushe/Estudios/Escuela Da Vinci/5th Semester/Programming in Engines I/SpaceShootout/Content/SpaceshipInterior/Textures/T_Scifi_Lamp_N.uasset" 552
"../../../../../../Mushe/Estudios/Escuela Da Vinci/5th Semester/Programming in Engines I/SpaceShootout/Content/SpaceshipInterior/Textures/T_Scifi_Lamp_R.uasset" 553
"../../../../../../Mushe/Estudios/Escuela Da Vinci/5th Semester/Programming in Engines I/SpaceShootout/Content/SpaceshipInterior/Textures/T_Scifi_Lamp_S.uasset" 554
"../../../../../../Mushe/Estudios/Escuela Da Vinci/5th Semester/Programming in Engines I/SpaceShootout/Content/SpaceshipInterior/Textures/T_Scifi_Net_AO.uasset" 555
"../../../../../../Mushe/Estudios/Escuela Da Vinci/5th Semester/Programming in Engines I/SpaceShootout/Content/SpaceshipInterior/Textures/T_Scifi_Net_BC.uasset" 556
"../../../../../../Mushe/Estudios/Escuela Da Vinci/5th Semester/Programming in Engines I/SpaceShootout/Content/SpaceshipInterior/Textures/T_Scifi_Net_M.uasset" 557
"../../../../../../Mushe/Estudios/Escuela Da Vinci/5th Semester/Programming in Engines I/SpaceShootout/Content/SpaceshipInterior/Textures/T_Scifi_Net_N.uasset" 558
"../../../../../../Mushe/Estudios/Escuela Da Vinci/5th Semester/Programming in Engines I/SpaceShootout/Content/SpaceshipInterior/Textures/T_Scifi_Net_R.uasset" 559
"../../../../../../Mushe/Estudios/Escuela Da Vinci/5th Semester/Programming in Engines I/SpaceShootout/Content/SpaceshipInterior/Textures/T_Scifi_Net_S.uasset" 560
"../../../../../../Mushe/Estudios/Escuela Da Vinci/5th Semester/Programming in Engines I/SpaceShootout/Content/SpaceshipInterior/Textures/T_Scifi_Panel_02_AO.uasset" 561
"../../../../../../Mushe/Estudios/Escuela Da Vinci/5th Semester/Programming in Engines I/SpaceShootout/Content/SpaceshipInterior/Textures/T_Scifi_Panel_02_BC.uasset" 562
"../../../../../../Mushe/Estudios/Escuela Da Vinci/5th Semester/Programming in Engines I/SpaceShootout/Content/SpaceshipInterior/Textures/T_Scifi_Panel_02_N.uasset" 563
"../../../../../../Mushe/Estudios/Escuela Da Vinci/5th Semester/Programming in Engines I/SpaceShootout/Content/SpaceshipInterior/Textures/T_Scifi_Panel_02_R.uasset" 564
"../../../../../../Mushe/Estudios/Escuela Da Vinci/5th Semester/Programming in Engines I/SpaceShootout/Content/SpaceshipInterior/Textures/T_Scifi_Panel_02_S.uasset" 565
"../../../../../../Mushe/Estudios/Escuela Da Vinci/5th Semester/Programming in Engines I/SpaceShootout/Content/SpaceshipInterior/Textures/T_Scifi_Panel_A.uasset" 566
"../../../../../../Mushe/Estudios/Escuela Da Vinci/5th Semester/Programming in Engines I/SpaceShootout/Content/SpaceshipInterior/Textures/T_Scifi_Panel_AO.uasset" 567
"../../../../../../Mushe/Estudios/Escuela Da Vinci/5th Semester/Programming in Engines I/SpaceShootout/Content/SpaceshipInterior/Textures/T_Scifi_Panel_N.uasset" 568
"../../../../../../Mushe/Estudios/Escuela Da Vinci/5th Semester/Programming in Engines I/SpaceShootout/Content/SpaceshipInterior/Textures/T_Scifi_Panel_R.uasset" 569
"../../../../../../Mushe/Estudios/Escuela Da Vinci/5th Semester/Programming in Engines I/SpaceShootout/Content/SpaceshipInterior/Textures/T_Scifi_Panel_S.uasset" 570
"../../../../../../Mushe/Estudios/Escuela Da Vinci/5th Semester/Programming in Engines I/SpaceShootout/Content/SpaceshipInterior/Textures/T_Scifi_Pillar_01_AO.uasset" 571
"../../../../../../Mushe/Estudios/Escuela Da Vinci/5th Semester/Programming in Engines I/SpaceShootout/Content/SpaceshipInterior/Textures/T_Scifi_Pillar_01_BC.uasset" 572
"../../../../../../Mushe/Estudios/Escuela Da Vinci/5th Semester/Programming in Engines I/SpaceShootout/Content/SpaceshipInterior/Textures/T_Scifi_Pillar_01_N.uasset" 573
"../../../../../../Mushe/Estudios/Escuela Da Vinci/5th Semester/Programming in Engines I/SpaceShootout/Content/SpaceshipInterior/Textures/T_Scifi_Pillar_01_R.uasset" 574
"../../../../../../Mushe/Estudios/Escuela Da Vinci/5th Semester/Programming in Engines I/SpaceShootout/Content/SpaceshipInterior/Textures/T_Scifi_Pillar_01_S.uasset" 575
"../../../../../../Mushe/Estudios/Escuela Da Vinci/5th Semester/Programming in Engines I/SpaceShootout/Content/SpaceshipInterior/Textures/T_Scifi_Pipe_01_A.uasset" 576
"../../../../../../Mushe/Estudios/Escuela Da Vinci/5th Semester/Programming in Engines I/SpaceShootout/Content/SpaceshipInterior/Textures/T_Scifi_Pipe_01_AO.uasset" 577
"../../../../../../Mushe/Estudios/Escuela Da Vinci/5th Semester/Programming in Engines I/SpaceShootout/Content/SpaceshipInterior/Textures/T_Scifi_Pipe_01_N.uasset" 578
"../../../../../../Mushe/Estudios/Escuela Da Vinci/5th Semester/Programming in Engines I/SpaceShootout/Content/SpaceshipInterior/Textures/T_Scifi_Pipe_01_R.uasset" 579
"../../../../../../Mushe/Estudios/Escuela Da Vinci/5th Semester/Programming in Engines I/SpaceShootout/Content/SpaceshipInterior/Textures/T_Scifi_Pipe_01_S.uasset" 580
"../../../../../../Mushe/Estudios/Escuela Da Vinci/5th Semester/Programming in Engines I/SpaceShootout/Content/SpaceshipInterior/Textures/T_Scifi_Wall_01_A.uasset" 581
"../../../../../../Mushe/Estudios/Escuela Da Vinci/5th Semester/Programming in Engines I/SpaceShootout/Content/SpaceshipInterior/Textures/T_Scifi_Wall_01_AO.uasset" 582
"../../../../../../Mushe/Estudios/Escuela Da Vinci/5th Semester/Programming in Engines I/SpaceShootout/Content/SpaceshipInterior/Textures/T_Scifi_Wall_01_N.uasset" 583
"../../../../../../Mushe/Estudios/Escuela Da Vinci/5th Semester/Programming in Engines I/SpaceShootout/Content/SpaceshipInterior/Textures/T_Scifi_Wall_01_R.uasset" 584
"../../../../../../Mushe/Estudios/Escuela Da Vinci/5th Semester/Programming in Engines I/SpaceShootout/Content/SpaceshipInterior/Textures/T_Scifi_Wall_01_S.uasset" 585
"../../../../../../Mushe/Estudios/Escuela Da Vinci/5th Semester/Programming in Engines I/SpaceShootout/Content/SpaceshipInterior/Textures/T_Scifi_Wall_02_A.uasset" 586
"../../../../../../Mushe/Estudios/Escuela Da Vinci/5th Semester/Programming in Engines I/SpaceShootout/Content/SpaceshipInterior/Textures/T_Scifi_Wall_02_AO.uasset" 587
"../../../../../../Mushe/Estudios/Escuela Da Vinci/5th Semester/Programming in Engines I/SpaceShootout/Content/SpaceshipInterior/Textures/T_Scifi_Wall_02_N.uasset" 588
"../../../../../../Mushe/Estudios/Escuela Da Vinci/5th Semester/Programming in Engines I/SpaceShootout/Content/SpaceshipInterior/Textures/T_Scifi_Wall_02_R.uasset" 589
"../../../../../../Mushe/Estudios/Escuela Da Vinci/5th Semester/Programming in Engines I/SpaceShootout/Content/SpaceshipInterior/Textures/T_Scifi_Wall_02_S.uasset" 590
"../../../../../../Mushe/Estudios/Escuela Da Vinci/5th Semester/Programming in Engines I/SpaceShootout/Content/SpaceshipInterior/Textures/T_Scifi_Wall_02_White_BC.uasset" 591
"../../../../../../Mushe/Estudios/Escuela Da Vinci/5th Semester/Programming in Engines I/SpaceShootout/Content/SpaceshipInterior/Textures/T_Scifi_Wall_03_AO.uasset" 592
"../../../../../../Mushe/Estudios/Escuela Da Vinci/5th Semester/Programming in Engines I/SpaceShootout/Content/SpaceshipInterior/Textures/T_Scifi_Wall_03_BC.uasset" 593
"../../../../../../Mushe/Estudios/Escuela Da Vinci/5th Semester/Programming in Engines I/SpaceShootout/Content/SpaceshipInterior/Textures/T_Scifi_Wall_03_N.uasset" 594
"../../../../../../Mushe/Estudios/Escuela Da Vinci/5th Semester/Programming in Engines I/SpaceShootout/Content/SpaceshipInterior/Textures/T_Scifi_Wall_03_R.uasset" 595
"../../../../../../Mushe/Estudios/Escuela Da Vinci/5th Semester/Programming in Engines I/SpaceShootout/Content/SpaceshipInterior/Textures/T_Scifi_Wall_03_S.uasset" 596
"../../../../../../Mushe/Estudios/Escuela Da Vinci/5th Semester/Programming in Engines I/SpaceShootout/Content/SpaceshipInterior/Textures/T_Scifi_Wall_04_AO.uasset" 597
"../../../../../../Mushe/Estudios/Escuela Da Vinci/5th Semester/Programming in Engines I/SpaceShootout/Content/SpaceshipInterior/Textures/T_Scifi_Wall_04_BC.uasset" 598
"../../../../../../Mushe/Estudios/Escuela Da Vinci/5th Semester/Programming in Engines I/SpaceShootout/Content/SpaceshipInterior/Textures/T_Scifi_Wall_04_N.uasset" 599
"../../../../../../Mushe/Estudios/Escuela Da Vinci/5th Semester/Programming in Engines I/SpaceShootout/Content/SpaceshipInterior/Textures/T_Scifi_Wall_04_R.uasset" 600
"../../../../../../Mushe/Estudios/Escuela Da Vinci/5th Semester/Programming in Engines I/SpaceShootout/Content/SpaceshipInterior/Textures/T_Scifi_Wall_04_S.uasset" 601
"../../../../../../Mushe/Estudios/Escuela Da Vinci/5th Semester/Programming in Engines I/SpaceShootout/Content/SpaceshipInterior/Textures/T_Scifi_Wall_05_AO.uasset" 602
"../../../../../../Mushe/Estudios/Escuela Da Vinci/5th Semester/Programming in Engines I/SpaceShootout/Content/SpaceshipInterior/Textures/T_Scifi_Wall_05_BC.uasset" 603
"../../../../../../Mushe/Estudios/Escuela Da Vinci/5th Semester/Programming in Engines I/SpaceShootout/Content/SpaceshipInterior/Textures/T_Scifi_Wall_05_N.uasset" 604
"../../../../../../Mushe/Estudios/Escuela Da Vinci/5th Semester/Programming in Engines I/SpaceShootout/Content/SpaceshipInterior/Textures/T_Scifi_Wall_05_R.uasset" 605
"../../../../../../Mushe/Estudios/Escuela Da Vinci/5th Semester/Programming in Engines I/SpaceShootout/Content/SpaceshipInterior/Textures/T_Scifi_Wall_05_S.uasset" 606
"../../Plugins/2D/Paper2D/Content/PlaceholderTextures/DummySpriteTexture.uasset" 607
"../../Plugins/2D/Paper2D/Content/DummySprite.uasset" 608
"../../Plugins/2D/Paper2D/Content/DefaultPaperTerrainMaterial.uasset" 609
"../../Plugins/2D/Paper2D/Content/DefaultSpriteMaterial.uasset" 610
"../../Plugins/2D/Paper2D/Content/MaskedUnlitSpriteMaterial.uasset" 611
"../../Plugins/2D/Paper2D/Content/OpaqueUnlitSpriteMaterial.uasset" 612
"../../Plugins/Enterprise/DatasmithContent/Content/Blueprints/FBXImporter/FBXImporterUtils.uasset" 613
"../../../Engine/Content/Functions/Engine_MaterialFunctions02/Utility/BreakOutFloat4Components.uasset" 614
"../../Plugins/Runtime/Oculus/OculusVR/Content/Materials/OculusMR_ChromaKey.uasset" 615
"../../Plugins/Runtime/Oculus/OculusVR/Content/Materials/OculusMR_ChromaKey_Lit.uasset" 616
"../../Plugins/Runtime/Oculus/OculusVR/Content/Materials/OculusMR_OpaqueColoredMaterial.uasset" 617
"../../Plugins/Runtime/Oculus/OculusVR/Content/Materials/OculusMR_WhiteMaterial.uasset" 618
"../../../Engine/Content/Maps/Entry_BuiltData.uasset" 619
"../../../Engine/Content/Maps/Entry.umap" 620
"../../../../../../Mushe/Estudios/Escuela Da Vinci/5th Semester/Programming in Engines I/SpaceShootout/Content/Blueprints/Audio/Confirmation_menu.uasset" 621
"../../../../../../Mushe/Estudios/Escuela Da Vinci/5th Semester/Programming in Engines I/SpaceShootout/Content/Blueprints/Audio/Navigate_menu.uasset" 622
"../../../../../../Mushe/Estudios/Escuela Da Vinci/5th Semester/Programming in Engines I/SpaceShootout/Content/Blueprints/MainMenuWidget.uasset" 623
"../../../../../../Mushe/Estudios/Escuela Da Vinci/5th Semester/Programming in Engines I/SpaceShootout/Content/Blueprints/MainMenu.uasset" 624
"../../../../../../Mushe/Estudios/Escuela Da Vinci/5th Semester/Programming in Engines I/SpaceShootout/Content/Blueprints/SS_MainMenuMode.uasset" 625
"../../../../../../Mushe/Estudios/Escuela Da Vinci/5th Semester/Programming in Engines I/SpaceShootout/Content/Maps/MainMenu_BuiltData.uasset" 626
"../../../../../../Mushe/Estudios/Escuela Da Vinci/5th Semester/Programming in Engines I/SpaceShootout/Content/Polar/Textures/Vista_Textures/T_Mountain_Tile_NRM.uasset" 627
"../../../../../../Mushe/Estudios/Escuela Da Vinci/5th Semester/Programming in Engines I/SpaceShootout/Content/Polar/Materials/Vista_Materials/Sky_Materials/M_Planet_Inst.uasset" 628
"../../../../../../Mushe/Estudios/Escuela Da Vinci/5th Semester/Programming in Engines I/SpaceShootout/Content/Polar/Materials/Vista_Materials/Sky_Materials/M_Planet_02_Inst.uasset" 629
"../../../../../../Mushe/Estudios/Escuela Da Vinci/5th Semester/Programming in Engines I/SpaceShootout/Content/Polar/Materials/Vista_Materials/Sky_Materials/M_Planet_03_Inst.uasset" 630
"../../../../../../Mushe/Estudios/Escuela Da Vinci/5th Semester/Programming in Engines I/SpaceShootout/Content/Polar/Textures/Vista_Textures/T_Sky_Galaxy.uasset" 631
"../../../../../../Mushe/Estudios/Escuela Da Vinci/5th Semester/Programming in Engines I/SpaceShootout/Content/Polar/Materials/Vista_Materials/Sky_Materials/_M_Master_Galaxy.uasset" 632
"../../../../../../Mushe/Estudios/Escuela Da Vinci/5th Semester/Programming in Engines I/SpaceShootout/Content/Polar/Textures/Vista_Textures/T_Sky_Galaxy_02.uasset" 633
"../../../../../../Mushe/Estudios/Escuela Da Vinci/5th Semester/Programming in Engines I/SpaceShootout/Content/Polar/Materials/Vista_Materials/Sky_Materials/M_Sky_Galaxy_Map_Dim_02.uasset" 634
"../../../../../../Mushe/Estudios/Escuela Da Vinci/5th Semester/Programming in Engines I/SpaceShootout/Content/Polar/Materials/Vista_Materials/Sky_Materials/M_Sky_Galaxy_Map.uasset" 635
"../../../../../../Mushe/Estudios/Escuela Da Vinci/5th Semester/Programming in Engines I/SpaceShootout/Content/Polar/Materials/Vista_Materials/Sky_Materials/M_Sky_Galaxy_Map_Distort_01.uasset" 636
"../../../../../../Mushe/Estudios/Escuela Da Vinci/5th Semester/Programming in Engines I/SpaceShootout/Content/Polar/Materials/Vista_Materials/Sky_Materials/M_Sky_Galaxy_Map_Distort_02.uasset" 637
"../../../../../../Mushe/Estudios/Escuela Da Vinci/5th Semester/Programming in Engines I/SpaceShootout/Content/Polar/Materials/Vista_Materials/Sky_Materials/Night/M_Sky_Night_Galaxy_Map.uasset" 638
"../../../../../../Mushe/Estudios/Escuela Da Vinci/5th Semester/Programming in Engines I/SpaceShootout/Content/Polar/Materials/Vista_Materials/Sky_Materials/Night/M_Sky_Night_Galaxy_Map_Dim.uasset" 639
"../../../Engine/Content/EditorMeshes/EditorPlane.uasset" 640
"../../../../../../Mushe/Estudios/Escuela Da Vinci/5th Semester/Programming in Engines I/SpaceShootout/Content/Polar/Meshes/Vista/SM_Planet_01.uasset" 641
"../../../../../../Mushe/Estudios/Escuela Da Vinci/5th Semester/Programming in Engines I/SpaceShootout/Content/Maps/MainMenu.umap" 642
"../../../../../../Mushe/Estudios/Escuela Da Vinci/5th Semester/Programming in Engines I/SpaceShootout/Content/Maps/Level_1_BuiltData.uasset" 643
"../../../../../../Mushe/Estudios/Escuela Da Vinci/5th Semester/Programming in Engines I/SpaceShootout/Content/SpaceshipInterior/Materials/M_Scifi_Glass.uasset" 644
"../../../../../../Mushe/Estudios/Escuela Da Vinci/5th Semester/Programming in Engines I/SpaceShootout/Content/SpaceshipInterior/Materials/M_Scifi_Pillar_01_Color.uasset" 645
"../../../../../../Mushe/Estudios/Escuela Da Vinci/5th Semester/Programming in Engines I/SpaceShootout/Content/SpaceshipInterior/Textures/T_Scifi_Signs_Decal_BC.uasset" 646
"../../../../../../Mushe/Estudios/Escuela Da Vinci/5th Semester/Programming in Engines I/SpaceShootout/Content/SpaceshipInterior/Materials/M_Scifi_Signs_Decal_01.uasset" 647
"../../../../../../Mushe/Estudios/Escuela Da Vinci/5th Semester/Programming in Engines I/SpaceShootout/Content/SpaceshipInterior/Materials/M_Scifi_Signs_Decal_02.uasset" 648
"../../../../../../Mushe/Estudios/Escuela Da Vinci/5th Semester/Programming in Engines I/SpaceShootout/Content/SpaceshipInterior/Materials/M_Scifi_Signs_Decal_03.uasset" 649
"../../../../../../Mushe/Estudios/Escuela Da Vinci/5th Semester/Programming in Engines I/SpaceShootout/Content/SpaceshipInterior/Materials/M_Scifi_Signs_Decal_04.uasset" 650
"../../../../../../Mushe/Estudios/Escuela Da Vinci/5th Semester/Programming in Engines I/SpaceShootout/Content/SpaceshipInterior/Textures/T_Scifi_Decal_01_BC.uasset" 651
"../../../../../../Mushe/Estudios/Escuela Da Vinci/5th Semester/Programming in Engines I/SpaceShootout/Content/SpaceshipInterior/Materials/M_Scifi_Stripe_Decal_01.uasset" 652
"../../../../../../Mushe/Estudios/Escuela Da Vinci/5th Semester/Programming in Engines I/SpaceShootout/Content/SpaceshipInterior/Materials/M_Scifi_Stripe_Decal_02.uasset" 653
"../../../../../../Mushe/Estudios/Escuela Da Vinci/5th Semester/Programming in Engines I/SpaceShootout/Content/SpaceshipInterior/Materials/M_Scifi_Wall_04.uasset" 654
"../../../../../../Mushe/Estudios/Escuela Da Vinci/5th Semester/Programming in Engines I/SpaceShootout/Content/SpaceshipInterior/Materials/M_Scifi_Floor_03.uasset" 655
"../../../../../../Mushe/Estudios/Escuela Da Vinci/5th Semester/Programming in Engines I/SpaceShootout/Content/SpaceshipInterior/Materials/MI_Scifi_Floor_Grid.uasset" 656
"../../../../../../Mushe/Estudios/Escuela Da Vinci/5th Semester/Programming in Engines I/SpaceShootout/Content/SpaceshipInterior/Materials/M_Scifi_Door_01.uasset" 657
"../../../../../../Mushe/Estudios/Escuela Da Vinci/5th Semester/Programming in Engines I/SpaceShootout/Content/SpaceshipInterior/Materials/MI_Scifi_Pipe_01.uasset" 658
"../../../../../../Mushe/Estudios/Escuela Da Vinci/5th Semester/Programming in Engines I/SpaceShootout/Content/SpaceshipInterior/Materials/MI_Scifi_Wall_05.uasset" 659
"../../../../../../Mushe/Estudios/Escuela Da Vinci/5th Semester/Programming in Engines I/SpaceShootout/Content/SpaceshipInterior/Materials/MI_Scifi_Wall_White.uasset" 660
"../../../Engine/Content/EngineSounds/Music.uasset" 661
"../../../../../../Mushe/Estudios/Escuela Da Vinci/5th Semester/Programming in Engines I/SpaceShootout/Content/Blueprints/Audio/Music/Red.uasset" 662
"../../../../../../Mushe/Estudios/Escuela Da Vinci/5th Semester/Programming in Engines I/SpaceShootout/Content/Blueprints/Audio/Red.uasset" 663
"../../../../../../Mushe/Estudios/Escuela Da Vinci/5th Semester/Programming in Engines I/SpaceShootout/Content/SpaceshipInterior/Materials/MI_Scifi_Bag_01.uasset" 664
"../../../../../../Mushe/Estudios/Escuela Da Vinci/5th Semester/Programming in Engines I/SpaceShootout/Content/SpaceshipInterior/Meshes/SM_Scifi_Bag.uasset" 665
"../../../../../../Mushe/Estudios/Escuela Da Vinci/5th Semester/Programming in Engines I/SpaceShootout/Content/SpaceshipInterior/Meshes/SM_Scifi_Cable_01.uasset" 666
"../../../../../../Mushe/Estudios/Escuela Da Vinci/5th Semester/Programming in Engines I/SpaceShootout/Content/SpaceshipInterior/Meshes/SM_Scifi_Cable_02.uasset" 667
"../../../../../../Mushe/Estudios/Escuela Da Vinci/5th Semester/Programming in Engines I/SpaceShootout/Content/SpaceshipInterior/Materials/MI_Scifi_chair.uasset" 668
"../../../../../../Mushe/Estudios/Escuela Da Vinci/5th Semester/Programming in Engines I/SpaceShootout/Content/SpaceshipInterior/Meshes/SM_Scifi_Chair.uasset" 669
"../../../../../../Mushe/Estudios/Escuela Da Vinci/5th Semester/Programming in Engines I/SpaceShootout/Content/SpaceshipInterior/Materials/MI_Scifi_Crate.uasset" 670
"../../../../../../Mushe/Estudios/Escuela Da Vinci/5th Semester/Programming in Engines I/SpaceShootout/Content/SpaceshipInterior/Meshes/SM_Scifi_Crate.uasset" 671
"../../../../../../Mushe/Estudios/Escuela Da Vinci/5th Semester/Programming in Engines I/SpaceShootout/Content/SpaceshipInterior/Meshes/SM_Scifi_Door_01.uasset" 672
"../../../../../../Mushe/Estudios/Escuela Da Vinci/5th Semester/Programming in Engines I/SpaceShootout/Content/SpaceshipInterior/Materials/MI_Scifi_Door_02.uasset" 673
"../../../../../../Mushe/Estudios/Escuela Da Vinci/5th Semester/Programming in Engines I/SpaceShootout/Content/SpaceshipInterior/Meshes/SM_Scifi_Door_02.uasset" 674
"../../../../../../Mushe/Estudios/Escuela Da Vinci/5th Semester/Programming in Engines I/SpaceShootout/Content/SpaceshipInterior/Meshes/SM_Scifi_Door_02_Frame.uasset" 675
"../../../../../../Mushe/Estudios/Escuela Da Vinci/5th Semester/Programming in Engines I/SpaceShootout/Content/SpaceshipInterior/Materials/MI_Scifi_Fence_01.uasset" 676
"../../../../../../Mushe/Estudios/Escuela Da Vinci/5th Semester/Programming in Engines I/SpaceShootout/Content/SpaceshipInterior/Materials/MI_Scifi_Wall_03.uasset" 677
"../../../../../../Mushe/Estudios/Escuela Da Vinci/5th Semester/Programming in Engines I/SpaceShootout/Content/SpaceshipInterior/Meshes/SM_Scifi_Fence_01.uasset" 678
"../../../../../../Mushe/Estudios/Escuela Da Vinci/5th Semester/Programming in Engines I/SpaceShootout/Content/SpaceshipInterior/Materials/MI_Scifi_Panel.uasset" 679
"../../../../../../Mushe/Estudios/Escuela Da Vinci/5th Semester/Programming in Engines I/SpaceShootout/Content/SpaceshipInterior/Materials/MI_Scifi_Pillar.uasset" 680
"../../../../../../Mushe/Estudios/Escuela Da Vinci/5th Semester/Programming in Engines I/SpaceShootout/Content/SpaceshipInterior/Meshes/SM_Scifi_Fence_02.uasset" 681
"../../../../../../Mushe/Estudios/Escuela Da Vinci/5th Semester/Programming in Engines I/SpaceShootout/Content/SpaceshipInterior/Meshes/SM_Scifi_Fence_02_Frame.uasset" 682
"../../../../../../Mushe/Estudios/Escuela Da Vinci/5th Semester/Programming in Engines I/SpaceShootout/Content/SpaceshipInterior/Materials/MI_Scifi_Floor_01.uasset" 683
"../../../../../../Mushe/Estudios/Escuela Da Vinci/5th Semester/Programming in Engines I/SpaceShootout/Content/SpaceshipInterior/Meshes/SM_Scifi_Floor_01_Plateb.uasset" 684
"../../../../../../Mushe/Estudios/Escuela Da Vinci/5th Semester/Programming in Engines I/SpaceShootout/Content/SpaceshipInterior/Materials/MI_Scifi_Floor_02.uasset" 685
"../../../../../../Mushe/Estudios/Escuela Da Vinci/5th Semester/Programming in Engines I/SpaceShootout/Content/SpaceshipInterior/Meshes/SM_Scifi_Floor_02.uasset" 686
"../../../../../../Mushe/Estudios/Escuela Da Vinci/5th Semester/Programming in Engines I/SpaceShootout/Content/SpaceshipInterior/Meshes/SM_Scifi_Floor_02_Half.uasset" 687
"../../../../../../Mushe/Estudios/Escuela Da Vinci/5th Semester/Programming in Engines I/SpaceShootout/Content/SpaceshipInterior/Meshes/SM_Scifi_Floor_03.uasset" 688
"../../../../../../Mushe/Estudios/Escuela Da Vinci/5th Semester/Programming in Engines I/SpaceShootout/Content/SpaceshipInterior/Materials/MI_Scifi_Floor_04.uasset" 689
"../../../../../../Mushe/Estudios/Escuela Da Vinci/5th Semester/Programming in Engines I/SpaceShootout/Content/SpaceshipInterior/Meshes/SM_Scifi_Floor_04.uasset" 690
"../../../../../../Mushe/Estudios/Escuela Da Vinci/5th Semester/Programming in Engines I/SpaceShootout/Content/SpaceshipInterior/Meshes/SM_Scifi_Floor_04_Base.uasset" 691
"../../../../../../Mushe/Estudios/Escuela Da Vinci/5th Semester/Programming in Engines I/SpaceShootout/Content/SpaceshipInterior/Meshes/SM_Scifi_Floor_04_Dark.uasset" 692
"../../../../../../Mushe/Estudios/Escuela Da Vinci/5th Semester/Programming in Engines I/SpaceShootout/Content/SpaceshipInterior/Meshes/SM_Scifi_Floor_04_Small.uasset" 693
"../../../../../../Mushe/Estudios/Escuela Da Vinci/5th Semester/Programming in Engines I/SpaceShootout/Content/SpaceshipInterior/Meshes/SM_Scifi_Floor_Halfcut.uasset" 694
"../../../../../../Mushe/Estudios/Escuela Da Vinci/5th Semester/Programming in Engines I/SpaceShootout/Content/SpaceshipInterior/Meshes/SM_Scifi_Hangar_Floor.uasset" 695
"../../../../../../Mushe/Estudios/Escuela Da Vinci/5th Semester/Programming in Engines I/SpaceShootout/Content/SpaceshipInterior/Meshes/SM_Scifi_Hangingrope.uasset" 696
"../../../../../../Mushe/Estudios/Escuela Da Vinci/5th Semester/Programming in Engines I/SpaceShootout/Content/SpaceshipInterior/Materials/M_Scifi_Glow.uasset" 697
"../../../../../../Mushe/Estudios/Escuela Da Vinci/5th Semester/Programming in Engines I/SpaceShootout/Content/SpaceshipInterior/Materials/MI_Scifi_Lamp.uasset" 698
"../../../../../../Mushe/Estudios/Escuela Da Vinci/5th Semester/Programming in Engines I/SpaceShootout/Content/SpaceshipInterior/Meshes/SM_Scifi_Lamp.uasset" 699
"../../../../../../Mushe/Estudios/Escuela Da Vinci/5th Semester/Programming in Engines I/SpaceShootout/Content/SpaceshipInterior/Materials/MI_Scifi_Net.uasset" 700
"../../../../../../Mushe/Estudios/Escuela Da Vinci/5th Semester/Programming in Engines I/SpaceShootout/Content/SpaceshipInterior/Meshes/SM_Scifi_Net.uasset" 701
"../../../../../../Mushe/Estudios/Escuela Da Vinci/5th Semester/Programming in Engines I/SpaceShootout/Content/SpaceshipInterior/Meshes/SM_Scifi_Panel_01.uasset" 702
"../../../../../../Mushe/Estudios/Escuela Da Vinci/5th Semester/Programming in Engines I/SpaceShootout/Content/SpaceshipInterior/Materials/MI_Scifi_panel_02.uasset" 703
"../../../../../../Mushe/Estudios/Escuela Da Vinci/5th Semester/Programming in Engines I/SpaceShootout/Content/SpaceshipInterior/Meshes/SM_Scifi_Panel_02.uasset" 704
"../../../../../../Mushe/Estudios/Escuela Da Vinci/5th Semester/Programming in Engines I/SpaceShootout/Content/SpaceshipInterior/Meshes/SM_Scifi_Pillar_01.uasset" 705
"../../../../../../Mushe/Estudios/Escuela Da Vinci/5th Semester/Programming in Engines I/SpaceShootout/Content/SpaceshipInterior/Meshes/SM_Scifi_Pillar_01_12m.uasset" 706
"../../../../../../Mushe/Estudios/Escuela Da Vinci/5th Semester/Programming in Engines I/SpaceShootout/Content/SpaceshipInterior/Meshes/SM_Scifi_Pillar_01_InnerCorner.uasset" 707
"../../../../../../Mushe/Estudios/Escuela Da Vinci/5th Semester/Programming in Engines I/SpaceShootout/Content/SpaceshipInterior/Meshes/SM_Scifi_Pillar_01_Topbeam.uasset" 708
"../../../../../../Mushe/Estudios/Escuela Da Vinci/5th Semester/Programming in Engines I/SpaceShootout/Content/SpaceshipInterior/Meshes/SM_Scifi_Pipe_01_5m.uasset" 709
"../../../../../../Mushe/Estudios/Escuela Da Vinci/5th Semester/Programming in Engines I/SpaceShootout/Content/SpaceshipInterior/Meshes/SM_Scifi_Pipe_01_8m.uasset" 710
"../../../../../../Mushe/Estudios/Escuela Da Vinci/5th Semester/Programming in Engines I/SpaceShootout/Content/SpaceshipInterior/Meshes/SM_Scifi_Pipe_01_Bend.uasset" 711
"../../../../../../Mushe/Estudios/Escuela Da Vinci/5th Semester/Programming in Engines I/SpaceShootout/Content/SpaceshipInterior/Meshes/SM_Scifi_Pipe_02.uasset" 712
"../../../../../../Mushe/Estudios/Escuela Da Vinci/5th Semester/Programming in Engines I/SpaceShootout/Content/SpaceshipInterior/Meshes/SM_Scifi_Pipe_02_4m.uasset" 713
"../../../../../../Mushe/Estudios/Escuela Da Vinci/5th Semester/Programming in Engines I/SpaceShootout/Content/SpaceshipInterior/Meshes/SM_Scifi_Pipe_02_Bend.uasset" 714
"../../../../../../Mushe/Estudios/Escuela Da Vinci/5th Semester/Programming in Engines I/SpaceShootout/Content/SpaceshipInterior/Meshes/SM_Scifi_Pipe_02_BendSmal.uasset" 715
"../../../../../../Mushe/Estudios/Escuela Da Vinci/5th Semester/Programming in Engines I/SpaceShootout/Content/SpaceshipInterior/Materials/MI_Scifi_Wall_02.uasset" 716
"../../../../../../Mushe/Estudios/Escuela Da Vinci/5th Semester/Programming in Engines I/SpaceShootout/Content/SpaceshipInterior/Meshes/SM_Scifi_Railing_4m.uasset" 717
"../../../../../../Mushe/Estudios/Escuela Da Vinci/5th Semester/Programming in Engines I/SpaceShootout/Content/SpaceshipInterior/Materials/MI_Scifi_Wall_01.uasset" 718
"../../../../../../Mushe/Estudios/Escuela Da Vinci/5th Semester/Programming in Engines I/SpaceShootout/Content/SpaceshipInterior/Meshes/SM_Scifi_Stairs.uasset" 719
"../../../../../../Mushe/Estudios/Escuela Da Vinci/5th Semester/Programming in Engines I/SpaceShootout/Content/SpaceshipInterior/Meshes/SM_Scifi_StairsSingle.uasset" 720
"../../../../../../Mushe/Estudios/Escuela Da Vinci/5th Semester/Programming in Engines I/SpaceShootout/Content/SpaceshipInterior/Meshes/SM_Scifi_Wall_01_Plate.uasset" 721
"../../../../../../Mushe/Estudios/Escuela Da Vinci/5th Semester/Programming in Engines I/SpaceShootout/Content/SpaceshipInterior/Meshes/SM_Scifi_Wall_02_Lowerbase_Base.uasset" 722
"../../../../../../Mushe/Estudios/Escuela Da Vinci/5th Semester/Programming in Engines I/SpaceShootout/Content/SpaceshipInterior/Meshes/SM_Scifi_Wall_03_12m.uasset" 723
"../../../../../../Mushe/Estudios/Escuela Da Vinci/5th Semester/Programming in Engines I/SpaceShootout/Content/SpaceshipInterior/Meshes/SM_Scifi_Wall_04.uasset" 724
"../../../../../../Mushe/Estudios/Escuela Da Vinci/5th Semester/Programming in Engines I/SpaceShootout/Content/SpaceshipInterior/Meshes/SM_Scifi_Wall_04_Bend.uasset" 725
"../../../../../../Mushe/Estudios/Escuela Da Vinci/5th Semester/Programming in Engines I/SpaceShootout/Content/SpaceshipInterior/Meshes/SM_Scifi_Wall_05_4m.uasset" 726
"../../../../../../Mushe/Estudios/Escuela Da Vinci/5th Semester/Programming in Engines I/SpaceShootout/Content/SpaceshipInterior/Meshes/SM_Scifi_Wall_05_Plate.uasset" 727
"../../../../../../Mushe/Estudios/Escuela Da Vinci/5th Semester/Programming in Engines I/SpaceShootout/Content/SpaceshipInterior/Meshes/SM_Scifi_Wall_Trim_6m.uasset" 728
"../../../../../../Mushe/Estudios/Escuela Da Vinci/5th Semester/Programming in Engines I/SpaceShootout/Content/SpaceshipInterior/Meshes/SM_Scifi_Wall_Upperdoor.uasset" 729
"../../../../../../Mushe/Estudios/Escuela Da Vinci/5th Semester/Programming in Engines I/SpaceShootout/Content/SpaceshipInterior/Meshes/SM_Scifi_Window_Arc_01.uasset" 730
"../../../../../../Mushe/Estudios/Escuela Da Vinci/5th Semester/Programming in Engines I/SpaceShootout/Content/SpaceshipInterior/Meshes/SM_Scifi_Window_Arc_02.uasset" 731
"../../../../../../Mushe/Estudios/Escuela Da Vinci/5th Semester/Programming in Engines I/SpaceShootout/Content/Maps/Level_1.umap" 732
